[WARN]  Running against a source checkout. In order to get our runtime dependencies we'll have to invoke Maven. Depending on the state of your system, this may take ~30-45 seconds
[DEBUG]  Running 'mvn -pl com.yahoo.ycsb:cassandra-binding -am package -DskipTests dependency:build-classpath -DincludeScope=compile -Dmdep.outputFilterFile=true'
java -cp /home/hailong/managed-software/YCSB-hailong/YCSB/cassandra/conf:/home/hailong/managed-software/YCSB-hailong/YCSB/cassandra/target/cassandra-binding-0.5.0-SNAPSHOT.jar:/home/hailong/.m2/repository/org/mortbay/jetty/servlet-api/2.5-20081211/servlet-api-2.5-20081211.jar:/home/hailong/.m2/repository/com/datastax/cassandra/cassandra-driver-core/1.0.3/cassandra-driver-core-1.0.3.jar:/home/hailong/.m2/repository/io/netty/netty/3.5.9.Final/netty-3.5.9.Final.jar:/home/hailong/.m2/repository/org/antlr/antlr-runtime/3.2/antlr-runtime-3.2.jar:/home/hailong/.m2/repository/com/ning/compress-lzf/0.8.4/compress-lzf-0.8.4.jar:/home/hailong/.m2/repository/com/github/stephenc/high-scale-lib/high-scale-lib/1.1.2/high-scale-lib-1.1.2.jar:/home/hailong/.m2/repository/log4j/log4j/1.2.16/log4j-1.2.16.jar:/home/hailong/.m2/repository/org/apache/cassandra/cassandra-thrift/1.2.9/cassandra-thrift-1.2.9.jar:/home/hailong/.m2/repository/org/apache/cassandra/cassandra-all/1.2.9/cassandra-all-1.2.9.jar:/home/hailong/.m2/repository/org/apache/cassandra/deps/avro/1.4.0-cassandra-1/avro-1.4.0-cassandra-1.jar:/home/hailong/.m2/repository/org/xerial/snappy/snappy-java/1.0.5/snappy-java-1.0.5.jar:/home/hailong/.m2/repository/com/googlecode/json-simple/json-simple/1.1/json-simple-1.1.jar:/home/hailong/.m2/repository/commons-logging/commons-logging/1.1.1/commons-logging-1.1.1.jar:/home/hailong/.m2/repository/org/antlr/antlr/3.2/antlr-3.2.jar:/home/hailong/.m2/repository/org/slf4j/slf4j-api/1.6.4/slf4j-api-1.6.4.jar:/home/hailong/.m2/repository/commons-lang/commons-lang/2.6/commons-lang-2.6.jar:/opt/jdk1.7.0_55/lib/tools.jar:/home/hailong/.m2/repository/javax/servlet/servlet-api/2.5/servlet-api-2.5.jar:/home/hailong/.m2/repository/commons-cli/commons-cli/1.1/commons-cli-1.1.jar:/home/hailong/.m2/repository/org/apache/thrift/libthrift/0.7.0/libthrift-0.7.0.jar:/home/hailong/.m2/repository/org/apache/httpcomponents/httpcore/4.0.1/httpcore-4.0.1.jar:/home/hailong/.m2/repository/jline/jline/1.0/jline-1.0.jar:/home/hailong/.m2/repository/org/mortbay/jetty/jetty-util/6.1.22/jetty-util-6.1.22.jar:/home/hailong/managed-software/YCSB-hailong/YCSB/core/target/core-0.5.0-SNAPSHOT.jar:/home/hailong/.m2/repository/edu/stanford/ppl/snaptree/0.1/snaptree-0.1.jar:/home/hailong/.m2/repository/org/antlr/stringtemplate/3.2/stringtemplate-3.2.jar:/home/hailong/.m2/repository/commons-codec/commons-codec/1.2/commons-codec-1.2.jar:/home/hailong/.m2/repository/org/mindrot/jbcrypt/0.3m/jbcrypt-0.3m.jar:/home/hailong/.m2/repository/org/hdrhistogram/HdrHistogram/2.1.4/HdrHistogram-2.1.4.jar:/home/hailong/.m2/repository/org/apache/httpcomponents/httpclient/4.0.1/httpclient-4.0.1.jar:/home/hailong/.m2/repository/com/google/guava/guava/13.0.1/guava-13.0.1.jar:/home/hailong/.m2/repository/net/jpountz/lz4/lz4/1.1.0/lz4-1.1.0.jar:/home/hailong/.m2/repository/com/googlecode/concurrentlinkedhashmap/concurrentlinkedhashmap-lru/1.3/concurrentlinkedhashmap-lru-1.3.jar:/home/hailong/.m2/repository/com/github/stephenc/jamm/0.2.5/jamm-0.2.5.jar:/home/hailong/.m2/repository/antlr/antlr/2.7.7/antlr-2.7.7.jar:/home/hailong/.m2/repository/org/mortbay/jetty/jetty/6.1.22/jetty-6.1.22.jar:/home/hailong/.m2/repository/com/yammer/metrics/metrics-core/2.0.3/metrics-core-2.0.3.jar:/home/hailong/.m2/repository/org/codehaus/jackson/jackson-core-asl/1.9.2/jackson-core-asl-1.9.2.jar:/home/hailong/.m2/repository/org/codehaus/jackson/jackson-mapper-asl/1.9.2/jackson-mapper-asl-1.9.2.jar:/home/hailong/.m2/repository/org/yaml/snakeyaml/1.6/snakeyaml-1.6.jar com.yahoo.ycsb.Client -db com.yahoo.ycsb.db.CassandraCQLClient -P workloads/workloada -P settings_trans_cql.dat -p jvm.identity=23546 -s -t
YCSB Client 0.1
Command line: -db com.yahoo.ycsb.db.CassandraCQLClient -P workloads/workloada -P settings_trans_cql.dat -p jvm.identity=23546 -s -t
Loading workload...
Starting test.
SLF4J: Failed to load class "org.slf4j.impl.StaticLoggerBinder".
SLF4J: Defaulting to no-operation (NOP) logger implementation
SLF4J: See http://www.slf4j.org/codes.html#StaticLoggerBinder for further details.
Connected to cluster: Test Cluster
Datacenter: datacenter1; Host: localhost/127.0.0.1; Rack: rack1
Finish warming up the db with 1000 read operations
2015-10-01 15:09:14:326 0 sec: 0 operations; est completion in 0 seconds 
2015-10-01 15:09:14:326 0 sec: 0 operations; est completion in 0 seconds 
2015-10-01 15:09:19:563 5 sec: 100000 operations; 19091.26 current ops/sec; [CLEANUP AverageLatency(us)=0.21] [READ AverageLatency(us)=13474.64] [UPDATE AverageLatency(us)=5225.01] 
2015-10-01 15:09:19:563 5 sec: 100000 operations; 19091.26 current ops/sec; [CLEANUP AverageLatency(us)=0.21] [READ AverageLatency(us)=13474.64] [UPDATE AverageLatency(us)=5225.01] 
[OVERALL], RunTime(ms), 5238.0
[OVERALL], Throughput(ops/sec), 19091.256204658268
[CLEANUP], Operations, 192
[CLEANUP], AverageLatency(us), 0.20833333333333334
[CLEANUP], MinLatency(us), 0
[CLEANUP], MaxLatency(us), 11
[CLEANUP], 0_239_12.952_2_0.147, 11.0
[CLEANUP], 20_239_12.952_2_0.147, 1.0
[CLEANUP], 50_239_12.952_2_0.147, 1.5
[CLEANUP], 60_239_12.952_2_0.147, 0.2
[CLEANUP], 70_239_12.952_2_0.147, 0.0
[CLEANUP], 80_239_12.952_2_0.147, 0.16666666666666666
[CLEANUP], 90_239_12.952_2_0.147, 0.0
[CLEANUP], 100_239_12.952_2_0.147, 0.0
[CLEANUP], 110_239_12.952_2_0.147, 0.4
[CLEANUP], 120_239_12.952_2_0.147, 0.0
[CLEANUP], 130_239_12.952_2_0.147, 0.3333333333333333
[CLEANUP], 140_239_12.952_2_0.147, 0.0
[CLEANUP], 160_239_12.952_2_0.147, 0.16666666666666666
[CLEANUP], 170_239_12.952_2_0.147, 0.0
[CLEANUP], 180_239_12.952_2_0.147, 0.0
[CLEANUP], 190_239_12.952_2_0.147, 0.0
[CLEANUP], 200_239_12.952_2_0.147, 0.0
[CLEANUP], 210_239_12.952_2_0.147, 0.0
[CLEANUP], 220_239_12.952_2_0.147, 0.0
[CLEANUP], 230_239_12.952_2_0.147, 0.14285714285714285
[CLEANUP], 240_239_12.952_2_0.147, 0.2
[CLEANUP], 250_239_12.952_2_0.147, 0.2
[CLEANUP], 260_239_12.952_2_0.147, 0.3333333333333333
[CLEANUP], 270_239_12.952_2_0.147, 0.16666666666666666
[CLEANUP], 280_239_12.952_2_0.147, 0.17647058823529413
[CLEANUP], 290_239_12.952_2_0.147, 0.0
[CLEANUP], 300_239_12.952_2_0.147, 0.2
[CLEANUP], 310_239_12.952_2_0.147, 1.0
[CLEANUP], 320_239_12.952_2_0.147, 0.0
[READ], Operations, 49909
[READ], AverageLatency(us), 13474.635837223746
[READ], MinLatency(us), 485
[READ], MaxLatency(us), 229819
[READ], Return=0, 49909
[READ], 0_237_12.845_2_0.147, 7968.0
[READ], 10_237_12.845_2_0.147, 11821.0
[READ], 90_237_12.845_2_0.147, 89707.38888888889
[READ], 100_237_12.845_2_0.147, 178771.5
[READ], 110_237_12.845_2_0.147, 181062.0
[READ], 120_237_12.845_2_0.147, 194042.0
[READ], 130_237_12.845_2_0.147, 204822.83333333334
[READ], 140_237_12.845_2_0.147, 206406.0
[READ], 160_237_12.845_2_0.147, 154017.25
[READ], 170_237_12.845_2_0.147, 178201.0
[READ], 180_237_12.845_2_0.147, 125593.88888888889
[READ], 190_237_12.845_2_0.147, 97601.29166666667
[READ], 200_237_12.845_2_0.147, 85869.02083333333
[READ], 210_237_12.845_2_0.147, 26199.298245614034
[READ], 220_237_12.845_2_0.147, 15029.075
[READ], 230_237_12.845_2_0.147, 16085.596153846154
[READ], 240_237_12.845_2_0.147, 14727.484848484848
[READ], 250_237_12.845_2_0.147, 13497.481481481482
[READ], 260_237_12.845_2_0.147, 13337.723076923077
[READ], 270_237_12.845_2_0.147, 14059.125
[READ], 280_237_12.845_2_0.147, 13667.474576271186
[READ], 290_237_12.845_2_0.147, 14314.827586206897
[READ], 300_237_12.845_2_0.147, 13894.622222222222
[READ], 310_237_12.845_2_0.147, 14211.263157894737
[READ], 320_237_12.845_2_0.147, 13148.447368421053
[READ], 330_237_12.845_2_0.147, 12445.625
[READ], 340_237_12.845_2_0.147, 12169.92
[READ], 350_237_12.845_2_0.147, 14013.845070422536
[READ], 360_237_12.845_2_0.147, 15302.583333333334
[READ], 370_237_12.845_2_0.147, 10972.458823529412
[READ], 380_237_12.845_2_0.147, 11802.440677966102
[READ], 390_237_12.845_2_0.147, 13177.051282051281
[READ], 400_237_12.845_2_0.147, 13692.11475409836
[READ], 410_237_12.845_2_0.147, 17447.46511627907
[READ], 420_237_12.845_2_0.147, 16713.703125
[READ], 440_237_12.845_2_0.147, 35151.0
[READ], 450_237_12.845_2_0.147, 37392.3
[READ], 460_237_12.845_2_0.147, 47969.545454545456
[READ], 470_237_12.845_2_0.147, 30164.37837837838
[READ], 480_237_12.845_2_0.147, 13390.0125
[READ], 490_237_12.845_2_0.147, 11071.916666666666
[READ], 500_237_12.845_2_0.147, 18904.0
[READ], 510_237_12.845_2_0.147, 21989.505494505494
[READ], 520_237_12.845_2_0.147, 13595.0
[READ], 530_237_12.845_2_0.147, 18135.808823529413
[READ], 540_237_12.845_2_0.147, 14831.793103448275
[READ], 550_237_12.845_2_0.147, 11359.940298507463
[READ], 560_237_12.845_2_0.147, 10713.644444444444
[READ], 570_237_12.845_2_0.147, 15365.447154471545
[READ], 580_237_12.845_2_0.147, 11431.904761904761
[READ], 590_237_12.845_2_0.147, 11852.045977011494
[READ], 600_237_12.845_2_0.147, 10682.695652173914
[READ], 610_237_12.845_2_0.147, 10731.10989010989
[READ], 620_237_12.845_2_0.147, 13216.872340425532
[READ], 630_237_12.845_2_0.147, 15258.988372093023
[READ], 640_237_12.845_2_0.147, 12986.591549295774
[READ], 650_237_12.845_2_0.147, 14096.46875
[READ], 660_237_12.845_2_0.147, 15726.253164556962
[READ], 670_237_12.845_2_0.147, 13823.093023255815
[READ], 680_237_12.845_2_0.147, 10787.154761904761
[READ], 690_237_12.845_2_0.147, 11976.31313131313
[READ], 700_237_12.845_2_0.147, 10752.565217391304
[READ], 710_237_12.845_2_0.147, 9149.802083333334
[READ], 720_237_12.845_2_0.147, 9814.56779661017
[READ], 730_237_12.845_2_0.147, 11503.260273972603
[READ], 740_237_12.845_2_0.147, 11064.484536082475
[READ], 750_237_12.845_2_0.147, 7677.9
[READ], 760_237_12.845_2_0.147, 20572.344086021505
[READ], 770_237_12.845_2_0.147, 12018.794520547945
[READ], 780_237_12.845_2_0.147, 16096.699029126214
[READ], 790_237_12.845_2_0.147, 10794.285714285714
[READ], 800_237_12.845_2_0.147, 18093.922077922078
[READ], 810_237_12.845_2_0.147, 14790.134831460675
[READ], 820_237_12.845_2_0.147, 12610.442105263159
[READ], 830_237_12.845_2_0.147, 11388.846153846154
[READ], 840_237_12.845_2_0.147, 9740.840425531915
[READ], 850_237_12.845_2_0.147, 10659.545454545454
[READ], 860_237_12.845_2_0.147, 7294.526315789473
[READ], 870_237_12.845_2_0.147, 10358.046511627907
[READ], 880_237_12.845_2_0.147, 12291.416666666666
[READ], 890_237_12.845_2_0.147, 9717.925
[READ], 900_237_12.845_2_0.147, 10841.302521008403
[READ], 910_237_12.845_2_0.147, 10337.194444444445
[READ], 920_237_12.845_2_0.147, 10559.21875
[READ], 930_237_12.845_2_0.147, 11331.343434343435
[READ], 940_237_12.845_2_0.147, 12058.146341463415
[READ], 950_237_12.845_2_0.147, 13834.536231884058
[READ], 960_237_12.845_2_0.147, 16726.464788732395
[READ], 970_237_12.845_2_0.147, 12702.909836065573
[READ], 980_237_12.845_2_0.147, 10184.38202247191
[READ], 990_237_12.845_2_0.147, 11252.708737864077
[READ], 1000_237_12.845_2_0.147, 8161.182926829269
[READ], 1010_237_12.845_2_0.147, 10336.978723404256
[READ], 1020_237_12.845_2_0.147, 11660.329545454546
[READ], 1030_237_12.845_2_0.147, 9230.181818181818
[READ], 1040_237_12.845_2_0.147, 10740.65
[READ], 1050_237_12.845_2_0.147, 15029.024390243903
[READ], 1060_237_12.845_2_0.147, 12418.286956521739
[READ], 1070_237_12.845_2_0.147, 11155.161290322581
[READ], 1080_237_12.845_2_0.147, 12580.644927536232
[READ], 1090_237_12.845_2_0.147, 11690.248
[READ], 1100_237_12.845_2_0.147, 9676.927710843374
[READ], 1110_237_12.845_2_0.147, 21870.924528301886
[READ], 1120_237_12.845_2_0.147, 14227.727272727272
[READ], 1130_237_12.845_2_0.147, 9397.685185185184
[READ], 1140_237_12.845_2_0.147, 11569.376712328767
[READ], 1150_237_12.845_2_0.147, 12173.61971830986
[READ], 1160_237_12.845_2_0.147, 9328.666666666666
[READ], 1170_237_12.845_2_0.147, 12939.847682119205
[READ], 1180_237_12.845_2_0.147, 7883.797619047619
[READ], 1190_237_12.845_2_0.147, 12471.075471698114
[READ], 1200_237_12.845_2_0.147, 21163.731343283584
[READ], 1210_237_12.845_2_0.147, 9724.076923076924
[READ], 1220_237_12.845_2_0.147, 15374.51724137931
[READ], 1230_237_12.845_2_0.147, 10044.737704918032
[READ], 1240_237_12.845_2_0.147, 11792.93670886076
[READ], 1250_237_12.845_2_0.147, 18375.699029126212
[READ], 1260_237_12.845_2_0.147, 14794.007352941177
[READ], 1270_237_12.845_2_0.147, 7498.0
[READ], 1280_237_12.845_2_0.147, 15096.387323943662
[READ], 1290_237_12.845_2_0.147, 9235.424657534246
[READ], 1310_237_12.845_2_0.147, 15908.031390134529
[READ], 1320_237_12.845_2_0.147, 9786.857142857143
[READ], 1330_237_12.845_2_0.147, 13664.560606060606
[READ], 1340_237_12.845_2_0.147, 13975.408805031446
[READ], 1350_237_12.845_2_0.147, 10995.715596330276
[READ], 1360_237_12.845_2_0.147, 11506.642857142857
[READ], 1370_237_12.845_2_0.147, 14062.814814814816
[READ], 1380_237_12.845_2_0.147, 11919.024390243903
[READ], 1390_237_12.845_2_0.147, 20473.53488372093
[READ], 1400_237_12.845_2_0.147, 22192.43307086614
[READ], 1410_237_12.845_2_0.147, 15313.402173913044
[READ], 1420_237_12.845_2_0.147, 11331.556390977443
[READ], 1430_237_12.845_2_0.147, 12343.830508474577
[READ], 1440_237_12.845_2_0.147, 15745.307692307691
[READ], 1450_237_12.845_2_0.147, 19960.367816091955
[READ], 1460_237_12.845_2_0.147, 18035.439393939392
[READ], 1470_237_12.845_2_0.147, 11238.896551724138
[READ], 1480_237_12.845_2_0.147, 10487.09375
[READ], 1490_237_12.845_2_0.147, 12367.147619047619
[READ], 1500_237_12.845_2_0.147, 6811.510416666667
[READ], 1510_237_12.845_2_0.147, 19640.666666666668
[READ], 1520_237_12.845_2_0.147, 7890.768707482993
[READ], 1530_237_12.845_2_0.147, 6988.84705882353
[READ], 1540_237_12.845_2_0.147, 19769.02994011976
[READ], 1550_237_12.845_2_0.147, 9689.366972477064
[READ], 1560_237_12.845_2_0.147, 13879.897196261682
[READ], 1570_237_12.845_2_0.147, 12713.1
[READ], 1580_237_12.845_2_0.147, 15436.351351351352
[READ], 1590_237_12.845_2_0.147, 14260.842767295597
[READ], 1600_237_12.845_2_0.147, 10573.910714285714
[READ], 1610_237_12.845_2_0.147, 9777.94
[READ], 1620_237_12.845_2_0.147, 10207.781818181818
[READ], 1630_237_12.845_2_0.147, 13182.52
[READ], 1640_237_12.845_2_0.147, 9028.047169811322
[READ], 1650_237_12.845_2_0.147, 13002.911392405063
[READ], 1660_237_12.845_2_0.147, 12136.335664335664
[READ], 1670_237_12.845_2_0.147, 11027.060606060606
[READ], 1680_237_12.845_2_0.147, 10966.133333333333
[READ], 1690_237_12.845_2_0.147, 12084.344086021505
[READ], 1700_237_12.845_2_0.147, 11460.384615384615
[READ], 1710_237_12.845_2_0.147, 13078.625
[READ], 1720_237_12.845_2_0.147, 7288.40366972477
[READ], 1730_237_12.845_2_0.147, 12575.745283018869
[READ], 1740_237_12.845_2_0.147, 13299.081300813008
[READ], 1750_237_12.845_2_0.147, 11019.295454545454
[READ], 1760_237_12.845_2_0.147, 12054.92857142857
[READ], 1770_237_12.845_2_0.147, 11647.938596491229
[READ], 1780_237_12.845_2_0.147, 7446.532110091744
[READ], 1790_237_12.845_2_0.147, 10353.941176470587
[READ], 1800_237_12.845_2_0.147, 11798.57142857143
[READ], 1810_237_12.845_2_0.147, 12790.248648648649
[READ], 1820_237_12.845_2_0.147, 9684.59090909091
[READ], 1830_237_12.845_2_0.147, 12757.635761589405
[READ], 1840_237_12.845_2_0.147, 11014.298850574713
[READ], 1850_237_12.845_2_0.147, 14588.263636363636
[READ], 1860_237_12.845_2_0.147, 15489.238636363636
[READ], 1870_237_12.845_2_0.147, 15666.291666666666
[READ], 1880_237_12.845_2_0.147, 16256.040268456376
[READ], 1890_237_12.845_2_0.147, 7674.493975903614
[READ], 1900_237_12.845_2_0.147, 13798.7
[READ], 1910_237_12.845_2_0.147, 13220.341772151898
[READ], 1920_237_12.845_2_0.147, 17531.920454545456
[READ], 1930_237_12.845_2_0.147, 15154.160714285714
[READ], 1940_237_12.845_2_0.147, 11400.076086956522
[READ], 1950_237_12.845_2_0.147, 11001.703910614526
[READ], 1960_237_12.845_2_0.147, 8594.08
[READ], 1970_237_12.845_2_0.147, 8816.021739130434
[READ], 1980_237_12.845_2_0.147, 12377.929203539823
[READ], 1990_237_12.845_2_0.147, 15258.754901960785
[READ], 2000_237_12.845_2_0.147, 14238.876712328767
[READ], 2010_237_12.845_2_0.147, 11402.088082901555
[READ], 2020_237_12.845_2_0.147, 11391.910714285714
[READ], 2030_237_12.845_2_0.147, 14878.57142857143
[READ], 2040_237_12.845_2_0.147, 16241.655172413793
[READ], 2050_237_12.845_2_0.147, 11615.373913043479
[READ], 2060_237_12.845_2_0.147, 12897.533333333333
[READ], 2070_237_12.845_2_0.147, 16100.793103448275
[READ], 2080_237_12.845_2_0.147, 11146.218181818182
[READ], 2090_237_12.845_2_0.147, 10386.838983050848
[READ], 2100_237_12.845_2_0.147, 9657.476635514018
[READ], 2110_237_12.845_2_0.147, 11876.059523809523
[READ], 2120_237_12.845_2_0.147, 11921.633802816901
[READ], 2130_237_12.845_2_0.147, 16470.14619883041
[READ], 2140_237_12.845_2_0.147, 12047.707865168539
[READ], 2150_237_12.845_2_0.147, 12379.109375
[READ], 2160_237_12.845_2_0.147, 12680.20652173913
[READ], 2170_237_12.845_2_0.147, 15645.169642857143
[READ], 2180_237_12.845_2_0.147, 12605.239726027397
[READ], 2190_237_12.845_2_0.147, 11004.307692307691
[READ], 2200_237_12.845_2_0.147, 13592.205357142857
[READ], 2210_237_12.845_2_0.147, 14538.242424242424
[READ], 2230_238_12.892_2_0.147, 42856.083333333336
[READ], 2280_238_12.892_2_0.147, 85384.9375
[READ], 2290_238_12.892_2_0.147, 84694.62
[READ], 2300_238_12.892_2_0.147, 51467.705882352944
[READ], 2310_238_12.892_2_0.147, 19316.175925925927
[READ], 2320_238_12.892_2_0.147, 16410.120879120877
[READ], 2330_238_12.892_2_0.147, 13140.276315789473
[READ], 2340_238_12.892_2_0.147, 10717.704347826088
[READ], 2350_238_12.892_2_0.147, 13282.161904761904
[READ], 2360_238_12.892_2_0.147, 12993.983050847457
[READ], 2370_238_12.892_2_0.147, 15815.487394957983
[READ], 2380_238_12.892_2_0.147, 13088.179487179486
[READ], 2390_238_12.892_2_0.147, 14574.266055045871
[READ], 2400_238_12.892_2_0.147, 14493.436363636363
[READ], 2410_238_12.892_2_0.147, 12857.043103448275
[READ], 2420_238_12.892_2_0.147, 13547.9243697479
[READ], 2430_238_12.892_2_0.147, 13247.084905660377
[READ], 2440_238_12.892_2_0.147, 13629.193798449613
[READ], 2450_238_12.892_2_0.147, 13888.734693877552
[READ], 2460_238_12.892_2_0.147, 14080.75939849624
[READ], 2470_238_12.892_2_0.147, 13450.59223300971
[READ], 2480_238_12.892_2_0.147, 13274.44776119403
[READ], 2490_238_12.892_2_0.147, 11800.538461538461
[READ], 2500_238_12.892_2_0.147, 12713.046296296296
[READ], 2510_238_12.892_2_0.147, 13626.432
[READ], 2520_238_12.892_2_0.147, 13814.853448275862
[READ], 2530_238_12.892_2_0.147, 14041.625
[READ], 2540_238_12.892_2_0.147, 12410.444444444445
[READ], 2550_238_12.892_2_0.147, 12099.094890510949
[READ], 2560_238_12.892_2_0.147, 9721.635416666666
[READ], 2570_238_12.892_2_0.147, 12750.370967741936
[READ], 2580_238_12.892_2_0.147, 12984.212598425196
[READ], 2590_238_12.892_2_0.147, 13529.777777777777
[READ], 2600_238_12.892_2_0.147, 13127.137614678899
[READ], 2610_238_12.892_2_0.147, 13575.864406779661
[READ], 2620_238_12.892_2_0.147, 14506.608695652174
[READ], 2630_238_12.892_2_0.147, 13599.180327868853
[READ], 2640_238_12.892_2_0.147, 12780.88596491228
[READ], 2650_238_12.892_2_0.147, 12125.05357142857
[READ], 2660_238_12.892_2_0.147, 12707.457627118643
[READ], 2670_238_12.892_2_0.147, 12519.426356589147
[READ], 2680_238_12.892_2_0.147, 13198.884955752212
[READ], 2690_238_12.892_2_0.147, 14239.75892857143
[READ], 2700_238_12.892_2_0.147, 14044.521276595744
[READ], 2710_238_12.892_2_0.147, 13065.821705426357
[READ], 2720_238_12.892_2_0.147, 13490.222222222223
[READ], 2730_238_12.892_2_0.147, 13066.933884297521
[READ], 2740_238_12.892_2_0.147, 13562.531914893618
[READ], 2750_238_12.892_2_0.147, 14196.265193370165
[READ], 2760_238_12.892_2_0.147, 10868.409523809523
[READ], 2770_238_12.892_2_0.147, 13106.823529411764
[READ], 2780_238_12.892_2_0.147, 15534.318181818182
[READ], 2790_238_12.892_2_0.147, 9379.434210526315
[READ], 2800_238_12.892_2_0.147, 12639.213836477988
[READ], 2810_238_12.892_2_0.147, 3734.625
[READ], 2820_238_12.892_2_0.147, 12113.336283185841
[READ], 2830_238_12.892_2_0.147, 13418.2
[READ], 2840_238_12.892_2_0.147, 16465.495867768594
[READ], 2850_238_12.892_2_0.147, 9413.18918918919
[READ], 2860_238_12.892_2_0.147, 10208.91304347826
[READ], 2870_238_12.892_2_0.147, 13035.77653631285
[READ], 2880_238_12.892_2_0.147, 10019.89898989899
[READ], 2890_238_12.892_2_0.147, 12448.19512195122
[READ], 2900_238_12.892_2_0.147, 17531.402173913044
[READ], 2910_238_12.892_2_0.147, 14563.5
[READ], 2920_238_12.892_2_0.147, 17086.27619047619
[READ], 2930_238_12.892_2_0.147, 10978.15
[READ], 2940_238_12.892_2_0.147, 15398.0
[READ], 2950_238_12.892_2_0.147, 24963.9797979798
[READ], 2960_238_12.892_2_0.147, 10132.736111111111
[READ], 2970_238_12.892_2_0.147, 6603.277777777777
[READ], 2980_238_12.892_2_0.147, 16259.752688172042
[READ], 2990_238_12.892_2_0.147, 12818.402777777777
[READ], 3000_238_12.892_2_0.147, 14668.634615384615
[READ], 3010_238_12.892_2_0.147, 13130.760563380281
[READ], 3020_238_12.892_2_0.147, 12900.103092783505
[READ], 3030_238_12.892_2_0.147, 12177.852459016394
[READ], 3040_238_12.892_2_0.147, 9766.535087719298
[READ], 3050_238_12.892_2_0.147, 9213.574712643678
[READ], 3060_238_12.892_2_0.147, 16305.642857142857
[READ], 3070_238_12.892_2_0.147, 11957.290598290598
[READ], 3080_238_12.892_2_0.147, 12581.51
[READ], 3090_238_12.892_2_0.147, 14774.296
[READ], 3100_238_12.892_2_0.147, 11858.854545454546
[READ], 3110_238_12.892_2_0.147, 15690.757575757576
[READ], 3120_238_12.892_2_0.147, 15424.162303664922
[READ], 3130_238_12.892_2_0.147, 11428.287671232876
[READ], 3140_238_12.892_2_0.147, 19378.434782608696
[READ], 3150_238_12.892_2_0.147, 18095.316455696204
[READ], 3160_238_12.892_2_0.147, 12633.54375
[READ], 3170_238_12.892_2_0.147, 10383.322580645161
[READ], 3180_238_12.892_2_0.147, 15739.73076923077
[READ], 3190_238_12.892_2_0.147, 20856.430379746835
[READ], 3200_238_12.892_2_0.147, 9028.568
[READ], 3210_238_12.892_2_0.147, 10855.558823529413
[READ], 3220_238_12.892_2_0.147, 15048.402597402597
[READ], 3230_238_12.892_2_0.147, 8527.478260869566
[READ], 3240_238_12.892_2_0.147, 21155.30612244898
[READ], 3250_238_12.892_2_0.147, 12745.033333333333
[READ], 3260_238_12.892_2_0.147, 11592.12987012987
[READ], 3270_238_12.892_2_0.147, 13540.850931677018
[READ], 3280_238_12.892_2_0.147, 9038.59793814433
[READ], 3290_238_12.892_2_0.147, 11329.797752808989
[READ], 3300_238_12.892_2_0.147, 13513.29906542056
[READ], 3310_238_12.892_2_0.147, 16362.118279569893
[READ], 3320_238_12.892_2_0.147, 15703.325925925927
[READ], 3330_238_12.892_2_0.147, 9067.027586206896
[READ], 3340_238_12.892_2_0.147, 13063.135135135135
[READ], 3350_238_12.892_2_0.147, 14943.235294117647
[READ], 3360_238_12.892_2_0.147, 17224.83116883117
[READ], 3370_238_12.892_2_0.147, 13054.475675675676
[READ], 3380_238_12.892_2_0.147, 10891.418367346938
[READ], 3390_238_12.892_2_0.147, 10831.697368421053
[READ], 3400_238_12.892_2_0.147, 15345.0
[READ], 3410_238_12.892_2_0.147, 19830.778409090908
[READ], 3420_238_12.892_2_0.147, 9047.950980392157
[READ], 3430_238_12.892_2_0.147, 15794.265306122448
[READ], 3440_238_12.892_2_0.147, 15299.385542168675
[READ], 3450_238_12.892_2_0.147, 9539.45038167939
[READ], 3460_238_12.892_2_0.147, 6811.089743589743
[READ], 3470_238_12.892_2_0.147, 11583.2625
[READ], 3480_238_12.892_2_0.147, 8515.9
[READ], 3490_238_12.892_2_0.147, 11500.836363636363
[READ], 3500_238_12.892_2_0.147, 16495.447674418603
[READ], 3510_238_12.892_2_0.147, 7658.5
[READ], 3520_238_12.892_2_0.147, 14983.264285714286
[READ], 3530_238_12.892_2_0.147, 12231.529411764706
[READ], 3540_238_12.892_2_0.147, 7338.58947368421
[READ], 3550_238_12.892_2_0.147, 19222.233333333334
[READ], 3560_238_12.892_2_0.147, 7522.30303030303
[READ], 3570_238_12.892_2_0.147, 12310.452991452992
[READ], 3580_238_12.892_2_0.147, 12143.845454545455
[READ], 3590_238_12.892_2_0.147, 14459.17857142857
[READ], 3600_238_12.892_2_0.147, 14250.372881355932
[READ], 3610_238_12.892_2_0.147, 13615.333333333334
[READ], 3620_238_12.892_2_0.147, 13396.919642857143
[READ], 3630_238_12.892_2_0.147, 13131.4765625
[READ], 3640_238_12.892_2_0.147, 13720.136363636364
[READ], 3650_238_12.892_2_0.147, 14037.533333333333
[READ], 3660_238_12.892_2_0.147, 13077.353448275862
[READ], 3670_238_12.892_2_0.147, 14725.517857142857
[READ], 3680_238_12.892_2_0.147, 13319.902654867257
[READ], 3690_238_12.892_2_0.147, 13885.825688073395
[READ], 3700_238_12.892_2_0.147, 15222.973214285714
[READ], 3710_238_12.892_2_0.147, 13823.59649122807
[READ], 3720_238_12.892_2_0.147, 11988.135135135135
[READ], 3730_238_12.892_2_0.147, 14308.616541353384
[READ], 3740_238_12.892_2_0.147, 10067.408
[READ], 3750_238_12.892_2_0.147, 9496.87610619469
[READ], 3760_238_12.892_2_0.147, 10021.202247191011
[READ], 3770_238_12.892_2_0.147, 13690.857142857143
[READ], 3780_238_12.892_2_0.147, 11414.281481481481
[READ], 3790_238_12.892_2_0.147, 11838.60447761194
[READ], 3800_238_12.892_2_0.147, 11927.967741935483
[READ], 3810_238_12.892_2_0.147, 11251.083333333334
[READ], 3820_238_12.892_2_0.147, 9802.408333333333
[READ], 3830_238_12.892_2_0.147, 15036.812949640287
[READ], 3840_238_12.892_2_0.147, 12947.514925373134
[READ], 3850_238_12.892_2_0.147, 12591.741935483871
[READ], 3860_238_12.892_2_0.147, 12863.317757009347
[READ], 3870_238_12.892_2_0.147, 10479.025974025973
[READ], 3880_238_12.892_2_0.147, 13219.754601226994
[READ], 3890_238_12.892_2_0.147, 13365.76923076923
[READ], 3900_238_12.892_2_0.147, 16162.742424242424
[READ], 3910_238_12.892_2_0.147, 9354.09375
[READ], 3920_238_12.892_2_0.147, 14061.564814814816
[READ], 3930_238_12.892_2_0.147, 12157.961538461539
[READ], 3940_238_12.892_2_0.147, 9765.141304347826
[READ], 3950_238_12.892_2_0.147, 12070.918181818182
[READ], 3960_238_12.892_2_0.147, 11637.373333333333
[READ], 3970_238_12.892_2_0.147, 11541.009009009009
[READ], 3980_238_12.892_2_0.147, 12480.536
[READ], 3990_238_12.892_2_0.147, 13348.83185840708
[READ], 4000_238_12.892_2_0.147, 14073.591304347827
[READ], 4010_238_12.892_2_0.147, 13798.042016806723
[READ], 4020_238_12.892_2_0.147, 12874.26213592233
[READ], 4030_238_12.892_2_0.147, 13829.396825396825
[READ], 4040_238_12.892_2_0.147, 13171.491935483871
[READ], 4050_238_12.892_2_0.147, 14343.633027522936
[READ], 4060_238_12.892_2_0.147, 13984.102564102564
[READ], 4070_238_12.892_2_0.147, 13530.88524590164
[READ], 4080_238_12.892_2_0.147, 13784.06779661017
[READ], 4090_238_12.892_2_0.147, 13609.462962962964
[READ], 4100_238_12.892_2_0.147, 14006.146551724138
[READ], 4110_238_12.892_2_0.147, 13750.333333333334
[READ], 4120_238_12.892_2_0.147, 12913.642201834862
[READ], 4130_238_12.892_2_0.147, 14845.963636363636
[READ], 4140_238_12.892_2_0.147, 14195.84347826087
[READ], 4150_238_12.892_2_0.147, 14357.886363636364
[READ], 4160_238_12.892_2_0.147, 15929.1
[READ], 4170_238_12.892_2_0.147, 13138.79057591623
[READ], 4180_238_12.892_2_0.147, 7805.5203252032525
[READ], 4190_238_12.892_2_0.147, 10811.640350877193
[READ], 4200_238_12.892_2_0.147, 9625.9
[READ], 4210_238_12.892_2_0.147, 7417.03937007874
[READ], 4220_238_12.892_2_0.147, 20901.303448275863
[READ], 4230_238_12.892_2_0.147, 8730.985915492958
[READ], 4240_239_12.952_2_0.147, 12025.4
[READ], 4300_239_12.952_2_0.147, 78845.42857142857
[READ], 4310_239_12.952_2_0.147, 54394.64705882353
[READ], 4320_239_12.952_2_0.147, 23027.15107913669
[READ], 4330_239_12.952_2_0.147, 10943.052631578947
[READ], 4340_239_12.952_2_0.147, 11230.826923076924
[READ], 4350_239_12.952_2_0.147, 15139.132653061224
[READ], 4360_239_12.952_2_0.147, 10191.05806451613
[READ], 4370_239_12.952_2_0.147, 11953.197368421053
[READ], 4380_239_12.952_2_0.147, 15113.589285714286
[READ], 4390_239_12.952_2_0.147, 18697.596153846152
[READ], 4400_239_12.952_2_0.147, 7879.598484848485
[READ], 4410_239_12.952_2_0.147, 12804.5
[READ], 4420_239_12.952_2_0.147, 8211.825688073395
[READ], 4430_239_12.952_2_0.147, 9736.291666666666
[READ], 4440_239_12.952_2_0.147, 9490.21875
[READ], 4450_239_12.952_2_0.147, 12119.75925925926
[READ], 4460_239_12.952_2_0.147, 12388.108333333334
[READ], 4470_239_12.952_2_0.147, 13111.76923076923
[READ], 4480_239_12.952_2_0.147, 14883.685714285713
[READ], 4490_239_12.952_2_0.147, 12216.506756756757
[READ], 4500_239_12.952_2_0.147, 15003.849557522124
[READ], 4510_239_12.952_2_0.147, 13516.150442477876
[READ], 4520_239_12.952_2_0.147, 14200.279279279279
[READ], 4530_239_12.952_2_0.147, 14539.241666666667
[READ], 4540_239_12.952_2_0.147, 13614.403846153846
[READ], 4550_239_12.952_2_0.147, 13427.376923076923
[READ], 4560_239_12.952_2_0.147, 13234.326530612245
[READ], 4570_239_12.952_2_0.147, 14256.28346456693
[READ], 4580_239_12.952_2_0.147, 12721.585365853658
[READ], 4590_239_12.952_2_0.147, 13933.414414414414
[READ], 4600_239_12.952_2_0.147, 13757.280701754386
[READ], 4610_239_12.952_2_0.147, 13444.549549549549
[READ], 4620_239_12.952_2_0.147, 14246.513513513513
[READ], 4630_239_12.952_2_0.147, 12945.107438016528
[READ], 4640_239_12.952_2_0.147, 13184.365217391305
[READ], 4650_239_12.952_2_0.147, 14334.6
[READ], 4660_239_12.952_2_0.147, 13322.0625
[READ], 4670_239_12.952_2_0.147, 14207.72268907563
[READ], 4680_239_12.952_2_0.147, 13566.153846153846
[READ], 4690_239_12.952_2_0.147, 14318.126126126126
[READ], 4700_239_12.952_2_0.147, 13224.991452991453
[READ], 4710_239_12.952_2_0.147, 12995.01652892562
[READ], 4720_239_12.952_2_0.147, 13650.412844036697
[READ], 4730_239_12.952_2_0.147, 13314.776
[READ], 4740_239_12.952_2_0.147, 13825.745762711864
[READ], 4750_239_12.952_2_0.147, 13363.603448275862
[READ], 4760_239_12.952_2_0.147, 13450.651785714286
[READ], 4770_239_12.952_2_0.147, 15003.713043478261
[READ], 4780_239_12.952_2_0.147, 13249.150442477876
[READ], 4790_239_12.952_2_0.147, 12696.245762711864
[READ], 4800_239_12.952_2_0.147, 13343.165217391304
[READ], 4810_239_12.952_2_0.147, 14223.508196721312
[READ], 4820_239_12.952_2_0.147, 14446.621621621622
[READ], 4830_239_12.952_2_0.147, 14111.1875
[READ], 4840_239_12.952_2_0.147, 11641.74213836478
[READ], 4850_239_12.952_2_0.147, 11916.03305785124
[READ], 4860_239_12.952_2_0.147, 13563.074766355141
[READ], 4870_239_12.952_2_0.147, 13988.652542372882
[READ], 4880_239_12.952_2_0.147, 13740.609756097561
[READ], 4890_239_12.952_2_0.147, 13216.313043478262
[READ], 4900_239_12.952_2_0.147, 13022.89090909091
[READ], 4910_239_12.952_2_0.147, 13387.956140350878
[READ], 4920_239_12.952_2_0.147, 13917.554455445545
[READ], 4930_239_12.952_2_0.147, 12526.216
[READ], 4940_239_12.952_2_0.147, 12921.031914893618
[READ], 4950_239_12.952_2_0.147, 12929.892857142857
[READ], 4960_239_12.952_2_0.147, 11004.807017543859
[READ], 4970_239_12.952_2_0.147, 10717.163793103447
[READ], 4980_239_12.952_2_0.147, 11045.117117117117
[READ], 4990_239_12.952_2_0.147, 9591.441379310345
[READ], 5000_239_12.952_2_0.147, 9628.906542056075
[READ], 5010_239_12.952_2_0.147, 10545.165289256198
[READ], 5020_239_12.952_2_0.147, 9894.616666666667
[READ], 5030_239_12.952_2_0.147, 9486.780487804877
[READ], 5040_239_12.952_2_0.147, 6910.989247311828
[READ], 5050_239_12.952_2_0.147, 8031.433333333333
[READ], 5060_239_12.952_2_0.147, 7068.252032520325
[READ], 5070_239_12.952_2_0.147, 6153.544715447155
[READ], 5080_239_12.952_2_0.147, 6090.818181818182
[READ], 5090_239_12.952_2_0.147, 4507.38
[READ], 5100_239_12.952_2_0.147, 4036.216494845361
[READ], 5110_239_12.952_2_0.147, 3969.3846153846152
[READ], 5120_239_12.952_2_0.147, 1903.9583333333333
[READ], 5130_239_12.952_2_0.147, 1213.6666666666667
[READ], 5140_239_12.952_2_0.147, 1008.0
[UPDATE], Operations, 50091
[UPDATE], AverageLatency(us), 5225.011938272344
[UPDATE], MinLatency(us), 145
[UPDATE], MaxLatency(us), 220343
[UPDATE], Return=0, 50091
[UPDATE], 0_237_12.845_2_0.147, 11159.0
[UPDATE], 10_237_12.845_2_0.147, 14406.0
[UPDATE], 90_237_12.845_2_0.147, 57294.625
[UPDATE], 100_237_12.845_2_0.147, 179929.75
[UPDATE], 110_237_12.845_2_0.147, 180474.8
[UPDATE], 140_237_12.845_2_0.147, 129203.25
[UPDATE], 150_237_12.845_2_0.147, 220343.0
[UPDATE], 160_237_12.845_2_0.147, 139968.57142857142
[UPDATE], 170_237_12.845_2_0.147, 113485.0
[UPDATE], 180_237_12.845_2_0.147, 97073.77777777778
[UPDATE], 190_237_12.845_2_0.147, 96006.3
[UPDATE], 200_237_12.845_2_0.147, 77591.34
[UPDATE], 210_237_12.845_2_0.147, 23521.21052631579
[UPDATE], 220_237_12.845_2_0.147, 18062.059701492537
[UPDATE], 230_237_12.845_2_0.147, 15013.23076923077
[UPDATE], 240_237_12.845_2_0.147, 14202.363636363636
[UPDATE], 250_237_12.845_2_0.147, 12833.180555555555
[UPDATE], 260_237_12.845_2_0.147, 12962.714285714286
[UPDATE], 270_237_12.845_2_0.147, 13284.547619047618
[UPDATE], 280_237_12.845_2_0.147, 12241.212121212122
[UPDATE], 290_237_12.845_2_0.147, 12485.424242424242
[UPDATE], 300_237_12.845_2_0.147, 11901.15909090909
[UPDATE], 310_237_12.845_2_0.147, 11300.315789473685
[UPDATE], 320_237_12.845_2_0.147, 12641.666666666666
[UPDATE], 330_237_12.845_2_0.147, 11006.858974358975
[UPDATE], 340_237_12.845_2_0.147, 10797.644736842105
[UPDATE], 350_237_12.845_2_0.147, 7985.0
[UPDATE], 360_237_12.845_2_0.147, 7218.807228915663
[UPDATE], 370_237_12.845_2_0.147, 9634.774647887323
[UPDATE], 380_237_12.845_2_0.147, 11762.371794871795
[UPDATE], 390_237_12.845_2_0.147, 9357.906666666666
[UPDATE], 400_237_12.845_2_0.147, 9706.022988505747
[UPDATE], 410_237_12.845_2_0.147, 6969.0
[UPDATE], 420_237_12.845_2_0.147, 9994.304347826086
[UPDATE], 440_237_12.845_2_0.147, 34927.0
[UPDATE], 450_237_12.845_2_0.147, 35496.11475409836
[UPDATE], 460_237_12.845_2_0.147, 44618.333333333336
[UPDATE], 470_237_12.845_2_0.147, 27210.527472527472
[UPDATE], 480_237_12.845_2_0.147, 9928.511111111111
[UPDATE], 490_237_12.845_2_0.147, 8818.022727272728
[UPDATE], 500_237_12.845_2_0.147, 14808.5
[UPDATE], 510_237_12.845_2_0.147, 15492.777777777777
[UPDATE], 520_237_12.845_2_0.147, 5896.428571428572
[UPDATE], 530_237_12.845_2_0.147, 8194.549019607843
[UPDATE], 540_237_12.845_2_0.147, 12195.80303030303
[UPDATE], 550_237_12.845_2_0.147, 9099.4125
[UPDATE], 560_237_12.845_2_0.147, 10892.504854368932
[UPDATE], 570_237_12.845_2_0.147, 8135.538461538462
[UPDATE], 580_237_12.845_2_0.147, 9729.021739130434
[UPDATE], 590_237_12.845_2_0.147, 10191.333333333334
[UPDATE], 600_237_12.845_2_0.147, 8400.189473684211
[UPDATE], 610_237_12.845_2_0.147, 8849.240506329113
[UPDATE], 620_237_12.845_2_0.147, 8060.155963302752
[UPDATE], 630_237_12.845_2_0.147, 11638.5
[UPDATE], 640_237_12.845_2_0.147, 11294.377777777778
[UPDATE], 650_237_12.845_2_0.147, 6768.282258064516
[UPDATE], 660_237_12.845_2_0.147, 5018.2307692307695
[UPDATE], 670_237_12.845_2_0.147, 9807.927710843374
[UPDATE], 680_237_12.845_2_0.147, 8220.971698113208
[UPDATE], 690_237_12.845_2_0.147, 6704.765217391305
[UPDATE], 700_237_12.845_2_0.147, 6992.463768115942
[UPDATE], 710_237_12.845_2_0.147, 7761.7890625
[UPDATE], 720_237_12.845_2_0.147, 8240.410958904109
[UPDATE], 730_237_12.845_2_0.147, 8481.287234042553
[UPDATE], 740_237_12.845_2_0.147, 9460.26213592233
[UPDATE], 750_237_12.845_2_0.147, 3436.3636363636365
[UPDATE], 760_237_12.845_2_0.147, 16095.95588235294
[UPDATE], 770_237_12.845_2_0.147, 3333.9464285714284
[UPDATE], 780_237_12.845_2_0.147, 12818.541666666666
[UPDATE], 790_237_12.845_2_0.147, 5810.313725490196
[UPDATE], 800_237_12.845_2_0.147, 7409.235294117647
[UPDATE], 810_237_12.845_2_0.147, 15545.017543859649
[UPDATE], 820_237_12.845_2_0.147, 9876.84761904762
[UPDATE], 830_237_12.845_2_0.147, 8459.394736842105
[UPDATE], 840_237_12.845_2_0.147, 9793.236641221374
[UPDATE], 850_237_12.845_2_0.147, 9716.21568627451
[UPDATE], 860_237_12.845_2_0.147, 5649.775510204082
[UPDATE], 870_237_12.845_2_0.147, 5990.486486486487
[UPDATE], 880_237_12.845_2_0.147, 11005.056179775282
[UPDATE], 890_237_12.845_2_0.147, 11261.314102564103
[UPDATE], 900_237_12.845_2_0.147, 5210.95205479452
[UPDATE], 910_237_12.845_2_0.147, 6646.46875
[UPDATE], 920_237_12.845_2_0.147, 6512.891719745223
[UPDATE], 930_237_12.845_2_0.147, 4226.507142857143
[UPDATE], 940_237_12.845_2_0.147, 2247.0344827586205
[UPDATE], 950_237_12.845_2_0.147, 2896.409090909091
[UPDATE], 960_237_12.845_2_0.147, 6396.818181818182
[UPDATE], 970_237_12.845_2_0.147, 10555.12030075188
[UPDATE], 980_237_12.845_2_0.147, 6684.776
[UPDATE], 990_237_12.845_2_0.147, 7819.008849557522
[UPDATE], 1000_237_12.845_2_0.147, 4026.231707317073
[UPDATE], 1010_237_12.845_2_0.147, 9066.535714285714
[UPDATE], 1020_237_12.845_2_0.147, 7952.668965517241
[UPDATE], 1030_237_12.845_2_0.147, 5919.355371900827
[UPDATE], 1040_237_12.845_2_0.147, 2884.7702702702704
[UPDATE], 1050_237_12.845_2_0.147, 9419.6875
[UPDATE], 1060_237_12.845_2_0.147, 6035.438016528926
[UPDATE], 1070_237_12.845_2_0.147, 4413.928571428572
[UPDATE], 1080_237_12.845_2_0.147, 6673.473684210527
[UPDATE], 1090_237_12.845_2_0.147, 4730.466165413533
[UPDATE], 1100_237_12.845_2_0.147, 4550.468468468468
[UPDATE], 1110_237_12.845_2_0.147, 3846.2285714285713
[UPDATE], 1120_237_12.845_2_0.147, 6645.0
[UPDATE], 1130_237_12.845_2_0.147, 6948.467391304348
[UPDATE], 1140_237_12.845_2_0.147, 8094.174757281553
[UPDATE], 1150_237_12.845_2_0.147, 7760.380165289256
[UPDATE], 1160_237_12.845_2_0.147, 5199.393939393939
[UPDATE], 1170_237_12.845_2_0.147, 8145.372093023256
[UPDATE], 1180_237_12.845_2_0.147, 2373.431654676259
[UPDATE], 1190_237_12.845_2_0.147, 2114.4166666666665
[UPDATE], 1200_237_12.845_2_0.147, 16654.34375
[UPDATE], 1210_237_12.845_2_0.147, 7291.754716981132
[UPDATE], 1220_237_12.845_2_0.147, 11552.825242718447
[UPDATE], 1230_237_12.845_2_0.147, 3560.967441860465
[UPDATE], 1240_237_12.845_2_0.147, 3501.304347826087
[UPDATE], 1250_237_12.845_2_0.147, 5817.375
[UPDATE], 1260_237_12.845_2_0.147, 8504.788235294118
[UPDATE], 1270_237_12.845_2_0.147, 3201.6190476190477
[UPDATE], 1280_237_12.845_2_0.147, 12144.892857142857
[UPDATE], 1290_237_12.845_2_0.147, 3859.0828729281766
[UPDATE], 1310_237_12.845_2_0.147, 6925.678571428572
[UPDATE], 1320_237_12.845_2_0.147, 3061.4742268041236
[UPDATE], 1330_237_12.845_2_0.147, 3630.935483870968
[UPDATE], 1340_237_12.845_2_0.147, 5376.257575757576
[UPDATE], 1350_237_12.845_2_0.147, 4352.544117647059
[UPDATE], 1360_237_12.845_2_0.147, 3150.6
[UPDATE], 1370_237_12.845_2_0.147, 4985.628205128205
[UPDATE], 1380_237_12.845_2_0.147, 2979.063492063492
[UPDATE], 1390_237_12.845_2_0.147, 11015.75
[UPDATE], 1400_237_12.845_2_0.147, 4737.382978723404
[UPDATE], 1410_237_12.845_2_0.147, 5778.246575342466
[UPDATE], 1420_237_12.845_2_0.147, 6994.611111111111
[UPDATE], 1430_237_12.845_2_0.147, 3904.585798816568
[UPDATE], 1440_237_12.845_2_0.147, 6247.4358974358975
[UPDATE], 1450_237_12.845_2_0.147, 3703.876712328767
[UPDATE], 1460_237_12.845_2_0.147, 4187.422535211268
[UPDATE], 1470_237_12.845_2_0.147, 2951.722222222222
[UPDATE], 1480_237_12.845_2_0.147, 4952.966292134832
[UPDATE], 1490_237_12.845_2_0.147, 5736.486486486487
[UPDATE], 1500_237_12.845_2_0.147, 7260.669565217391
[UPDATE], 1510_237_12.845_2_0.147, 2934.7162162162163
[UPDATE], 1520_237_12.845_2_0.147, 2406.848
[UPDATE], 1530_237_12.845_2_0.147, 1852.1733333333334
[UPDATE], 1540_237_12.845_2_0.147, 6364.024793388429
[UPDATE], 1550_237_12.845_2_0.147, 5307.191780821918
[UPDATE], 1560_237_12.845_2_0.147, 2841.478527607362
[UPDATE], 1570_237_12.845_2_0.147, 3035.25
[UPDATE], 1580_237_12.845_2_0.147, 10106.59090909091
[UPDATE], 1590_237_12.845_2_0.147, 5473.698529411765
[UPDATE], 1600_237_12.845_2_0.147, 6794.261363636364
[UPDATE], 1610_237_12.845_2_0.147, 4354.740740740741
[UPDATE], 1620_237_12.845_2_0.147, 5244.064935064935
[UPDATE], 1630_237_12.845_2_0.147, 7129.927536231884
[UPDATE], 1640_237_12.845_2_0.147, 4012.5657142857144
[UPDATE], 1650_237_12.845_2_0.147, 6227.176470588235
[UPDATE], 1660_237_12.845_2_0.147, 2971.3205128205127
[UPDATE], 1670_237_12.845_2_0.147, 7413.333333333333
[UPDATE], 1680_237_12.845_2_0.147, 5185.321428571428
[UPDATE], 1690_237_12.845_2_0.147, 4817.446428571428
[UPDATE], 1700_237_12.845_2_0.147, 10976.057971014492
[UPDATE], 1710_237_12.845_2_0.147, 6092.358490566037
[UPDATE], 1720_237_12.845_2_0.147, 4544.632911392405
[UPDATE], 1730_237_12.845_2_0.147, 2678.396103896104
[UPDATE], 1740_237_12.845_2_0.147, 4523.133333333333
[UPDATE], 1750_237_12.845_2_0.147, 5533.883720930233
[UPDATE], 1760_237_12.845_2_0.147, 6030.762295081967
[UPDATE], 1770_237_12.845_2_0.147, 6714.652542372882
[UPDATE], 1780_237_12.845_2_0.147, 4503.714285714285
[UPDATE], 1790_237_12.845_2_0.147, 4358.828358208955
[UPDATE], 1800_237_12.845_2_0.147, 4761.56
[UPDATE], 1810_237_12.845_2_0.147, 5237.721893491124
[UPDATE], 1820_237_12.845_2_0.147, 3841.3010752688174
[UPDATE], 1830_237_12.845_2_0.147, 4036.967391304348
[UPDATE], 1840_237_12.845_2_0.147, 3126.2105263157896
[UPDATE], 1850_237_12.845_2_0.147, 3122.1770833333335
[UPDATE], 1860_237_12.845_2_0.147, 2787.407079646018
[UPDATE], 1870_237_12.845_2_0.147, 3921.9411764705883
[UPDATE], 1880_237_12.845_2_0.147, 8650.90909090909
[UPDATE], 1890_237_12.845_2_0.147, 7193.166666666667
[UPDATE], 1900_237_12.845_2_0.147, 4592.365714285715
[UPDATE], 1910_237_12.845_2_0.147, 3615.742268041237
[UPDATE], 1920_237_12.845_2_0.147, 6326.457142857143
[UPDATE], 1930_237_12.845_2_0.147, 4674.191304347826
[UPDATE], 1940_237_12.845_2_0.147, 2584.3454545454547
[UPDATE], 1950_237_12.845_2_0.147, 8855.98275862069
[UPDATE], 1960_237_12.845_2_0.147, 7653.323529411765
[UPDATE], 1970_237_12.845_2_0.147, 6258.088495575221
[UPDATE], 1980_237_12.845_2_0.147, 5721.38
[UPDATE], 1990_237_12.845_2_0.147, 6348.720430107527
[UPDATE], 2000_237_12.845_2_0.147, 3645.6692913385828
[UPDATE], 2010_237_12.845_2_0.147, 5660.097222222223
[UPDATE], 2020_237_12.845_2_0.147, 5229.777108433735
[UPDATE], 2030_237_12.845_2_0.147, 5293.727272727273
[UPDATE], 2040_237_12.845_2_0.147, 7089.683544303797
[UPDATE], 2050_237_12.845_2_0.147, 2906.75
[UPDATE], 2060_237_12.845_2_0.147, 3215.36
[UPDATE], 2070_237_12.845_2_0.147, 5805.510204081633
[UPDATE], 2080_237_12.845_2_0.147, 6178.013698630137
[UPDATE], 2090_237_12.845_2_0.147, 5393.4575163398695
[UPDATE], 2100_237_12.845_2_0.147, 6027.630434782609
[UPDATE], 2110_237_12.845_2_0.147, 3750.5615384615385
[UPDATE], 2120_237_12.845_2_0.147, 2419.798319327731
[UPDATE], 2130_237_12.845_2_0.147, 2405.294736842105
[UPDATE], 2140_237_12.845_2_0.147, 2982.711409395973
[UPDATE], 2150_237_12.845_2_0.147, 3190.9555555555557
[UPDATE], 2160_237_12.845_2_0.147, 3317.269230769231
[UPDATE], 2170_237_12.845_2_0.147, 4851.84
[UPDATE], 2180_237_12.845_2_0.147, 4244.331034482759
[UPDATE], 2190_237_12.845_2_0.147, 2551.4460431654675
[UPDATE], 2200_237_12.845_2_0.147, 3003.7
[UPDATE], 2210_237_12.845_2_0.147, 2819.5806451612902
[UPDATE], 2230_238_12.892_2_0.147, 23974.285714285714
[UPDATE], 2280_238_12.892_2_0.147, 74299.125
[UPDATE], 2290_238_12.892_2_0.147, 49269.04761904762
[UPDATE], 2300_238_12.892_2_0.147, 8154.893617021276
[UPDATE], 2310_238_12.892_2_0.147, 7215.537634408603
[UPDATE], 2320_238_12.892_2_0.147, 6420.397260273972
[UPDATE], 2330_238_12.892_2_0.147, 4114.294117647059
[UPDATE], 2340_238_12.892_2_0.147, 2553.1015625
[UPDATE], 2350_238_12.892_2_0.147, 2983.9406779661017
[UPDATE], 2360_238_12.892_2_0.147, 2772.764705882353
[UPDATE], 2370_238_12.892_2_0.147, 2701.8045112781956
[UPDATE], 2380_238_12.892_2_0.147, 2659.5625
[UPDATE], 2390_238_12.892_2_0.147, 2658.03305785124
[UPDATE], 2400_238_12.892_2_0.147, 2992.424778761062
[UPDATE], 2410_238_12.892_2_0.147, 2794.6936936936936
[UPDATE], 2420_238_12.892_2_0.147, 2528.6838709677418
[UPDATE], 2430_238_12.892_2_0.147, 2982.265306122449
[UPDATE], 2440_238_12.892_2_0.147, 2953.8684210526317
[UPDATE], 2450_238_12.892_2_0.147, 2991.9313725490197
[UPDATE], 2460_238_12.892_2_0.147, 2862.0150375939847
[UPDATE], 2470_238_12.892_2_0.147, 3726.2295081967213
[UPDATE], 2480_238_12.892_2_0.147, 4156.12
[UPDATE], 2490_238_12.892_2_0.147, 3052.2487046632123
[UPDATE], 2500_238_12.892_2_0.147, 2554.4873949579833
[UPDATE], 2510_238_12.892_2_0.147, 2739.27868852459
[UPDATE], 2520_238_12.892_2_0.147, 3016.6603773584907
[UPDATE], 2530_238_12.892_2_0.147, 2553.301724137931
[UPDATE], 2540_238_12.892_2_0.147, 2550.9
[UPDATE], 2550_238_12.892_2_0.147, 6911.53125
[UPDATE], 2560_238_12.892_2_0.147, 3218.439024390244
[UPDATE], 2570_238_12.892_2_0.147, 2851.6805555555557
[UPDATE], 2580_238_12.892_2_0.147, 2657.923076923077
[UPDATE], 2590_238_12.892_2_0.147, 3007.71
[UPDATE], 2600_238_12.892_2_0.147, 2912.375
[UPDATE], 2610_238_12.892_2_0.147, 2939.0546875
[UPDATE], 2620_238_12.892_2_0.147, 2566.490566037736
[UPDATE], 2630_238_12.892_2_0.147, 2811.639534883721
[UPDATE], 2640_238_12.892_2_0.147, 4374.064516129032
[UPDATE], 2650_238_12.892_2_0.147, 3812.225225225225
[UPDATE], 2660_238_12.892_2_0.147, 3125.3790322580644
[UPDATE], 2670_238_12.892_2_0.147, 3083.4
[UPDATE], 2680_238_12.892_2_0.147, 2742.65
[UPDATE], 2690_238_12.892_2_0.147, 2826.754385964912
[UPDATE], 2700_238_12.892_2_0.147, 3019.09
[UPDATE], 2710_238_12.892_2_0.147, 2916.1403508771928
[UPDATE], 2720_238_12.892_2_0.147, 2914.731884057971
[UPDATE], 2730_238_12.892_2_0.147, 2749.5087719298244
[UPDATE], 2740_238_12.892_2_0.147, 2753.507462686567
[UPDATE], 2750_238_12.892_2_0.147, 4359.803797468355
[UPDATE], 2760_238_12.892_2_0.147, 3026.9927536231885
[UPDATE], 2770_238_12.892_2_0.147, 2492.490740740741
[UPDATE], 2780_238_12.892_2_0.147, 5584.282051282052
[UPDATE], 2790_238_12.892_2_0.147, 5260.594594594595
[UPDATE], 2800_238_12.892_2_0.147, 8088.597222222223
[UPDATE], 2810_238_12.892_2_0.147, 3849.090909090909
[UPDATE], 2820_238_12.892_2_0.147, 5562.4212962962965
[UPDATE], 2830_238_12.892_2_0.147, 5643.333333333333
[UPDATE], 2840_238_12.892_2_0.147, 7359.147239263803
[UPDATE], 2850_238_12.892_2_0.147, 4518.428571428572
[UPDATE], 2860_238_12.892_2_0.147, 3352.5890410958905
[UPDATE], 2870_238_12.892_2_0.147, 5211.2109375
[UPDATE], 2880_238_12.892_2_0.147, 5156.683673469388
[UPDATE], 2890_238_12.892_2_0.147, 4093.767441860465
[UPDATE], 2900_238_12.892_2_0.147, 3861.178082191781
[UPDATE], 2910_238_12.892_2_0.147, 898.0
[UPDATE], 2920_238_12.892_2_0.147, 6096.295454545455
[UPDATE], 2930_238_12.892_2_0.147, 3144.811475409836
[UPDATE], 2940_238_12.892_2_0.147, 4046.015625
[UPDATE], 2950_238_12.892_2_0.147, 13916.034482758621
[UPDATE], 2960_238_12.892_2_0.147, 3832.609756097561
[UPDATE], 2970_238_12.892_2_0.147, 5461.165048543689
[UPDATE], 2980_238_12.892_2_0.147, 10548.214814814815
[UPDATE], 2990_238_12.892_2_0.147, 3953.5087719298244
[UPDATE], 3000_238_12.892_2_0.147, 3514.206896551724
[UPDATE], 3010_238_12.892_2_0.147, 3772.034722222222
[UPDATE], 3020_238_12.892_2_0.147, 6835.321428571428
[UPDATE], 3030_238_12.892_2_0.147, 5625.782608695652
[UPDATE], 3040_238_12.892_2_0.147, 7988.931506849315
[UPDATE], 3050_238_12.892_2_0.147, 2631.1026785714284
[UPDATE], 3060_238_12.892_2_0.147, 12046.777777777777
[UPDATE], 3070_238_12.892_2_0.147, 3649.091891891892
[UPDATE], 3080_238_12.892_2_0.147, 3965.9887640449438
[UPDATE], 3090_238_12.892_2_0.147, 3692.869918699187
[UPDATE], 3100_238_12.892_2_0.147, 2918.1833333333334
[UPDATE], 3110_238_12.892_2_0.147, 2996.521739130435
[UPDATE], 3120_238_12.892_2_0.147, 3115.601092896175
[UPDATE], 3130_238_12.892_2_0.147, 4271.7733333333335
[UPDATE], 3140_238_12.892_2_0.147, 5584.207547169812
[UPDATE], 3150_238_12.892_2_0.147, 5352.346153846154
[UPDATE], 3160_238_12.892_2_0.147, 4010.0913978494623
[UPDATE], 3170_238_12.892_2_0.147, 4393.059523809524
[UPDATE], 3180_238_12.892_2_0.147, 6113.142857142857
[UPDATE], 3190_238_12.892_2_0.147, 7467.714285714285
[UPDATE], 3200_238_12.892_2_0.147, 3448.8846153846152
[UPDATE], 3210_238_12.892_2_0.147, 3179.4310344827586
[UPDATE], 3220_238_12.892_2_0.147, 3897.207920792079
[UPDATE], 3230_238_12.892_2_0.147, 1673.7674418604652
[UPDATE], 3240_238_12.892_2_0.147, 8348.464646464647
[UPDATE], 3250_238_12.892_2_0.147, 5338.79381443299
[UPDATE], 3260_238_12.892_2_0.147, 4359.611111111111
[UPDATE], 3270_238_12.892_2_0.147, 10010.232142857143
[UPDATE], 3280_238_12.892_2_0.147, 3829.8693693693695
[UPDATE], 3290_238_12.892_2_0.147, 3753.2391304347825
[UPDATE], 3300_238_12.892_2_0.147, 2558.373493975904
[UPDATE], 3310_238_12.892_2_0.147, 7191.951612903225
[UPDATE], 3320_238_12.892_2_0.147, 3049.704081632653
[UPDATE], 3330_238_12.892_2_0.147, 3471.3365384615386
[UPDATE], 3340_238_12.892_2_0.147, 3416.9375
[UPDATE], 3350_238_12.892_2_0.147, 2783.8536585365855
[UPDATE], 3360_238_12.892_2_0.147, 6179.536585365854
[UPDATE], 3370_238_12.892_2_0.147, 6478.009900990099
[UPDATE], 3380_238_12.892_2_0.147, 4815.714285714285
[UPDATE], 3390_238_12.892_2_0.147, 4026.035294117647
[UPDATE], 3400_238_12.892_2_0.147, 4259.55
[UPDATE], 3410_238_12.892_2_0.147, 3302.9085714285716
[UPDATE], 3420_238_12.892_2_0.147, 6066.647887323944
[UPDATE], 3430_238_12.892_2_0.147, 5186.065217391304
[UPDATE], 3440_238_12.892_2_0.147, 6013.228260869565
[UPDATE], 3450_238_12.892_2_0.147, 11814.7
[UPDATE], 3460_238_12.892_2_0.147, 4588.292993630574
[UPDATE], 3470_238_12.892_2_0.147, 15864.369047619048
[UPDATE], 3480_238_12.892_2_0.147, 4714.084337349397
[UPDATE], 3490_238_12.892_2_0.147, 2832.535714285714
[UPDATE], 3500_238_12.892_2_0.147, 4685.045112781955
[UPDATE], 3510_238_12.892_2_0.147, 2484.211267605634
[UPDATE], 3520_238_12.892_2_0.147, 3336.664335664336
[UPDATE], 3530_238_12.892_2_0.147, 4146.369565217391
[UPDATE], 3540_238_12.892_2_0.147, 3800.022988505747
[UPDATE], 3550_238_12.892_2_0.147, 5680.104477611941
[UPDATE], 3560_238_12.892_2_0.147, 3543.2442396313363
[UPDATE], 3570_238_12.892_2_0.147, 2522.2966101694915
[UPDATE], 3580_238_12.892_2_0.147, 2845.642276422764
[UPDATE], 3590_238_12.892_2_0.147, 3144.5412844036696
[UPDATE], 3600_238_12.892_2_0.147, 2565.9523809523807
[UPDATE], 3610_238_12.892_2_0.147, 3128.6475409836066
[UPDATE], 3620_238_12.892_2_0.147, 3322.521126760563
[UPDATE], 3630_238_12.892_2_0.147, 2735.6377952755906
[UPDATE], 3640_238_12.892_2_0.147, 3171.677777777778
[UPDATE], 3650_238_12.892_2_0.147, 2710.2845528455287
[UPDATE], 3660_238_12.892_2_0.147, 3109.8141592920356
[UPDATE], 3670_238_12.892_2_0.147, 2959.383333333333
[UPDATE], 3680_238_12.892_2_0.147, 3224.8020833333335
[UPDATE], 3690_238_12.892_2_0.147, 3025.8
[UPDATE], 3700_238_12.892_2_0.147, 3898.1645569620255
[UPDATE], 3710_238_12.892_2_0.147, 3319.3680555555557
[UPDATE], 3720_238_12.892_2_0.147, 4771.851063829788
[UPDATE], 3730_238_12.892_2_0.147, 7447.64
[UPDATE], 3740_238_12.892_2_0.147, 6247.379032258064
[UPDATE], 3750_238_12.892_2_0.147, 5774.704545454545
[UPDATE], 3760_238_12.892_2_0.147, 3728.1370967741937
[UPDATE], 3770_238_12.892_2_0.147, 4597.635294117647
[UPDATE], 3780_238_12.892_2_0.147, 4052.622641509434
[UPDATE], 3790_238_12.892_2_0.147, 4018.3376623376626
[UPDATE], 3800_238_12.892_2_0.147, 3319.472222222222
[UPDATE], 3810_238_12.892_2_0.147, 4575.0
[UPDATE], 3820_238_12.892_2_0.147, 4224.051282051282
[UPDATE], 3830_238_12.892_2_0.147, 3827.2303370786517
[UPDATE], 3840_238_12.892_2_0.147, 4278.756756756757
[UPDATE], 3850_238_12.892_2_0.147, 2659.45
[UPDATE], 3860_238_12.892_2_0.147, 5624.4607843137255
[UPDATE], 3870_238_12.892_2_0.147, 2232.310606060606
[UPDATE], 3880_238_12.892_2_0.147, 4027.994382022472
[UPDATE], 3890_238_12.892_2_0.147, 3258.304347826087
[UPDATE], 3900_238_12.892_2_0.147, 4209.2807017543855
[UPDATE], 3910_238_12.892_2_0.147, 3358.520618556701
[UPDATE], 3920_238_12.892_2_0.147, 3494.3522727272725
[UPDATE], 3930_238_12.892_2_0.147, 6276.838235294118
[UPDATE], 3940_238_12.892_2_0.147, 5090.550724637681
[UPDATE], 3950_238_12.892_2_0.147, 4852.586538461538
[UPDATE], 3960_238_12.892_2_0.147, 4215.823529411765
[UPDATE], 3970_238_12.892_2_0.147, 3168.163636363636
[UPDATE], 3980_238_12.892_2_0.147, 2723.9606299212596
[UPDATE], 3990_238_12.892_2_0.147, 2817.435483870968
[UPDATE], 4000_238_12.892_2_0.147, 2877.956896551724
[UPDATE], 4010_238_12.892_2_0.147, 2658.901515151515
[UPDATE], 4020_238_12.892_2_0.147, 2978.442105263158
[UPDATE], 4030_238_12.892_2_0.147, 2805.3478260869565
[UPDATE], 4040_238_12.892_2_0.147, 2910.429906542056
[UPDATE], 4050_238_12.892_2_0.147, 3226.0576923076924
[UPDATE], 4060_238_12.892_2_0.147, 2836.7102803738317
[UPDATE], 4070_238_12.892_2_0.147, 3083.3469387755104
[UPDATE], 4080_238_12.892_2_0.147, 3058.68
[UPDATE], 4090_238_12.892_2_0.147, 2857.792
[UPDATE], 4100_238_12.892_2_0.147, 2715.790476190476
[UPDATE], 4110_238_12.892_2_0.147, 2775.5703125
[UPDATE], 4120_238_12.892_2_0.147, 2988.787037037037
[UPDATE], 4130_238_12.892_2_0.147, 2401.3384615384616
[UPDATE], 4140_238_12.892_2_0.147, 3083.2479338842977
[UPDATE], 4150_238_12.892_2_0.147, 2982.26582278481
[UPDATE], 4160_238_12.892_2_0.147, 4318.225
[UPDATE], 4170_238_12.892_2_0.147, 4177.562913907284
[UPDATE], 4180_238_12.892_2_0.147, 4517.972972972973
[UPDATE], 4190_238_12.892_2_0.147, 7604.495049504951
[UPDATE], 4200_238_12.892_2_0.147, 4185.809523809524
[UPDATE], 4210_238_12.892_2_0.147, 2910.080291970803
[UPDATE], 4220_238_12.892_2_0.147, 15473.716216216217
[UPDATE], 4230_238_12.892_2_0.147, 4380.306122448979
[UPDATE], 4240_239_12.952_2_0.147, 9758.42857142857
[UPDATE], 4300_239_12.952_2_0.147, 77675.08108108108
[UPDATE], 4310_239_12.952_2_0.147, 59661.660377358494
[UPDATE], 4320_239_12.952_2_0.147, 11953.732484076432
[UPDATE], 4330_239_12.952_2_0.147, 5065.017857142857
[UPDATE], 4340_239_12.952_2_0.147, 5518.717948717948
[UPDATE], 4350_239_12.952_2_0.147, 8468.754385964912
[UPDATE], 4360_239_12.952_2_0.147, 5718.614906832298
[UPDATE], 4370_239_12.952_2_0.147, 2936.029411764706
[UPDATE], 4380_239_12.952_2_0.147, 2470.360465116279
[UPDATE], 4390_239_12.952_2_0.147, 6696.0625
[UPDATE], 4400_239_12.952_2_0.147, 5628.2213114754095
[UPDATE], 4410_239_12.952_2_0.147, 8666.981481481482
[UPDATE], 4420_239_12.952_2_0.147, 4582.933333333333
[UPDATE], 4430_239_12.952_2_0.147, 6422.25988700565
[UPDATE], 4440_239_12.952_2_0.147, 2923.130681818182
[UPDATE], 4450_239_12.952_2_0.147, 4426.793103448276
[UPDATE], 4460_239_12.952_2_0.147, 2955.4802259887006
[UPDATE], 4470_239_12.952_2_0.147, 3221.6486486486488
[UPDATE], 4480_239_12.952_2_0.147, 3741.92
[UPDATE], 4490_239_12.952_2_0.147, 2899.283870967742
[UPDATE], 4500_239_12.952_2_0.147, 2542.6978417266187
[UPDATE], 4510_239_12.952_2_0.147, 2840.3981481481483
[UPDATE], 4520_239_12.952_2_0.147, 3012.528846153846
[UPDATE], 4530_239_12.952_2_0.147, 3081.453703703704
[UPDATE], 4540_239_12.952_2_0.147, 2885.4563106796118
[UPDATE], 4550_239_12.952_2_0.147, 2810.3361344537816
[UPDATE], 4560_239_12.952_2_0.147, 2845.5365853658536
[UPDATE], 4570_239_12.952_2_0.147, 2841.5555555555557
[UPDATE], 4580_239_12.952_2_0.147, 2948.309734513274
[UPDATE], 4590_239_12.952_2_0.147, 2944.747747747748
[UPDATE], 4600_239_12.952_2_0.147, 2753.6511627906975
[UPDATE], 4610_239_12.952_2_0.147, 2977.26213592233
[UPDATE], 4620_239_12.952_2_0.147, 3137.663716814159
[UPDATE], 4630_239_12.952_2_0.147, 2795.194029850746
[UPDATE], 4640_239_12.952_2_0.147, 2975.480769230769
[UPDATE], 4650_239_12.952_2_0.147, 2673.717391304348
[UPDATE], 4660_239_12.952_2_0.147, 3049.1747572815534
[UPDATE], 4670_239_12.952_2_0.147, 3056.6875
[UPDATE], 4680_239_12.952_2_0.147, 2622.4351145038167
[UPDATE], 4690_239_12.952_2_0.147, 2705.878787878788
[UPDATE], 4700_239_12.952_2_0.147, 2691.214814814815
[UPDATE], 4710_239_12.952_2_0.147, 3121.892156862745
[UPDATE], 4720_239_12.952_2_0.147, 2805.4732824427483
[UPDATE], 4730_239_12.952_2_0.147, 2722.254385964912
[UPDATE], 4740_239_12.952_2_0.147, 2932.0
[UPDATE], 4750_239_12.952_2_0.147, 2890.6018518518517
[UPDATE], 4760_239_12.952_2_0.147, 3142.0860215053763
[UPDATE], 4770_239_12.952_2_0.147, 3154.9115044247787
[UPDATE], 4780_239_12.952_2_0.147, 2568.4224137931033
[UPDATE], 4790_239_12.952_2_0.147, 2777.288
[UPDATE], 4800_239_12.952_2_0.147, 2741.782945736434
[UPDATE], 4810_239_12.952_2_0.147, 3023.9479166666665
[UPDATE], 4820_239_12.952_2_0.147, 3464.364705882353
[UPDATE], 4830_239_12.952_2_0.147, 5972.3125
[UPDATE], 4840_239_12.952_2_0.147, 2134.55
[UPDATE], 4850_239_12.952_2_0.147, 2963.11
[UPDATE], 4860_239_12.952_2_0.147, 2677.1346153846152
[UPDATE], 4870_239_12.952_2_0.147, 3846.521276595745
[UPDATE], 4880_239_12.952_2_0.147, 2325.3232323232323
[UPDATE], 4890_239_12.952_2_0.147, 2606.143884892086
[UPDATE], 4900_239_12.952_2_0.147, 2392.0252100840335
[UPDATE], 4910_239_12.952_2_0.147, 2079.6153846153848
[UPDATE], 4920_239_12.952_2_0.147, 2191.733333333333
[UPDATE], 4930_239_12.952_2_0.147, 2253.5576923076924
[UPDATE], 4940_239_12.952_2_0.147, 1723.1384615384616
[UPDATE], 4950_239_12.952_2_0.147, 3059.6020408163267
[UPDATE], 4960_239_12.952_2_0.147, 1600.3142857142857
[UPDATE], 4970_239_12.952_2_0.147, 3090.493670886076
[UPDATE], 4980_239_12.952_2_0.147, 3992.0
[UPDATE], 4990_239_12.952_2_0.147, 4154.651515151515
[UPDATE], 5000_239_12.952_2_0.147, 2078.3093525179856
[UPDATE], 5010_239_12.952_2_0.147, 2362.3214285714284
[UPDATE], 5020_239_12.952_2_0.147, 2256.452631578947
[UPDATE], 5030_239_12.952_2_0.147, 2711.2523364485983
[UPDATE], 5040_239_12.952_2_0.147, 1548.4864864864865
[UPDATE], 5050_239_12.952_2_0.147, 1478.2047244094488
[UPDATE], 5060_239_12.952_2_0.147, 2024.5619834710744
[UPDATE], 5070_239_12.952_2_0.147, 1904.10989010989
[UPDATE], 5080_239_12.952_2_0.147, 1391.9174311926606
[UPDATE], 5090_239_12.952_2_0.147, 1056.0392156862745
[UPDATE], 5100_239_12.952_2_0.147, 698.280487804878
[UPDATE], 5110_239_12.952_2_0.147, 2412.214285714286
[UPDATE], 5120_239_12.952_2_0.147, 552.9148936170212
[UPDATE], 5130_239_12.952_2_0.147, 750.7105263157895
[UPDATE], 5140_239_12.952_2_0.147, 319.47058823529414
