[WARN]  Running against a source checkout. In order to get our runtime dependencies we'll have to invoke Maven. Depending on the state of your system, this may take ~30-45 seconds
[DEBUG]  Running 'mvn -pl com.yahoo.ycsb:cassandra-binding -am package -DskipTests dependency:build-classpath -DincludeScope=compile -Dmdep.outputFilterFile=true'
java -cp /home/hailong/managed-software/YCSB-hailong/YCSB/cassandra/conf:/home/hailong/managed-software/YCSB-hailong/YCSB/cassandra/target/cassandra-binding-0.5.0-SNAPSHOT.jar:/home/hailong/.m2/repository/org/mortbay/jetty/servlet-api/2.5-20081211/servlet-api-2.5-20081211.jar:/home/hailong/.m2/repository/com/datastax/cassandra/cassandra-driver-core/1.0.3/cassandra-driver-core-1.0.3.jar:/home/hailong/.m2/repository/io/netty/netty/3.5.9.Final/netty-3.5.9.Final.jar:/home/hailong/.m2/repository/org/antlr/antlr-runtime/3.2/antlr-runtime-3.2.jar:/home/hailong/.m2/repository/com/ning/compress-lzf/0.8.4/compress-lzf-0.8.4.jar:/home/hailong/.m2/repository/com/github/stephenc/high-scale-lib/high-scale-lib/1.1.2/high-scale-lib-1.1.2.jar:/home/hailong/.m2/repository/log4j/log4j/1.2.16/log4j-1.2.16.jar:/home/hailong/.m2/repository/org/apache/cassandra/cassandra-thrift/1.2.9/cassandra-thrift-1.2.9.jar:/home/hailong/.m2/repository/org/apache/cassandra/cassandra-all/1.2.9/cassandra-all-1.2.9.jar:/home/hailong/.m2/repository/org/apache/cassandra/deps/avro/1.4.0-cassandra-1/avro-1.4.0-cassandra-1.jar:/home/hailong/.m2/repository/org/xerial/snappy/snappy-java/1.0.5/snappy-java-1.0.5.jar:/home/hailong/.m2/repository/com/googlecode/json-simple/json-simple/1.1/json-simple-1.1.jar:/home/hailong/.m2/repository/commons-logging/commons-logging/1.1.1/commons-logging-1.1.1.jar:/home/hailong/.m2/repository/org/antlr/antlr/3.2/antlr-3.2.jar:/home/hailong/.m2/repository/org/slf4j/slf4j-api/1.6.4/slf4j-api-1.6.4.jar:/home/hailong/.m2/repository/commons-lang/commons-lang/2.6/commons-lang-2.6.jar:/opt/jdk1.7.0_55/lib/tools.jar:/home/hailong/.m2/repository/javax/servlet/servlet-api/2.5/servlet-api-2.5.jar:/home/hailong/.m2/repository/commons-cli/commons-cli/1.1/commons-cli-1.1.jar:/home/hailong/.m2/repository/org/apache/thrift/libthrift/0.7.0/libthrift-0.7.0.jar:/home/hailong/.m2/repository/org/apache/httpcomponents/httpcore/4.0.1/httpcore-4.0.1.jar:/home/hailong/.m2/repository/jline/jline/1.0/jline-1.0.jar:/home/hailong/.m2/repository/org/mortbay/jetty/jetty-util/6.1.22/jetty-util-6.1.22.jar:/home/hailong/managed-software/YCSB-hailong/YCSB/core/target/core-0.5.0-SNAPSHOT.jar:/home/hailong/.m2/repository/edu/stanford/ppl/snaptree/0.1/snaptree-0.1.jar:/home/hailong/.m2/repository/org/antlr/stringtemplate/3.2/stringtemplate-3.2.jar:/home/hailong/.m2/repository/commons-codec/commons-codec/1.2/commons-codec-1.2.jar:/home/hailong/.m2/repository/org/mindrot/jbcrypt/0.3m/jbcrypt-0.3m.jar:/home/hailong/.m2/repository/org/hdrhistogram/HdrHistogram/2.1.4/HdrHistogram-2.1.4.jar:/home/hailong/.m2/repository/org/apache/httpcomponents/httpclient/4.0.1/httpclient-4.0.1.jar:/home/hailong/.m2/repository/com/google/guava/guava/13.0.1/guava-13.0.1.jar:/home/hailong/.m2/repository/net/jpountz/lz4/lz4/1.1.0/lz4-1.1.0.jar:/home/hailong/.m2/repository/com/googlecode/concurrentlinkedhashmap/concurrentlinkedhashmap-lru/1.3/concurrentlinkedhashmap-lru-1.3.jar:/home/hailong/.m2/repository/com/github/stephenc/jamm/0.2.5/jamm-0.2.5.jar:/home/hailong/.m2/repository/antlr/antlr/2.7.7/antlr-2.7.7.jar:/home/hailong/.m2/repository/org/mortbay/jetty/jetty/6.1.22/jetty-6.1.22.jar:/home/hailong/.m2/repository/com/yammer/metrics/metrics-core/2.0.3/metrics-core-2.0.3.jar:/home/hailong/.m2/repository/org/codehaus/jackson/jackson-core-asl/1.9.2/jackson-core-asl-1.9.2.jar:/home/hailong/.m2/repository/org/codehaus/jackson/jackson-mapper-asl/1.9.2/jackson-mapper-asl-1.9.2.jar:/home/hailong/.m2/repository/org/yaml/snakeyaml/1.6/snakeyaml-1.6.jar com.yahoo.ycsb.Client -db com.yahoo.ycsb.db.CassandraCQLClient -P workloads/workloadb -P settings_trans_cql.dat -p jvm.identity=23546 -s -t
YCSB Client 0.1
Command line: -db com.yahoo.ycsb.db.CassandraCQLClient -P workloads/workloadb -P settings_trans_cql.dat -p jvm.identity=23546 -s -t
Loading workload...
Starting test.
SLF4J: Failed to load class "org.slf4j.impl.StaticLoggerBinder".
SLF4J: Defaulting to no-operation (NOP) logger implementation
SLF4J: See http://www.slf4j.org/codes.html#StaticLoggerBinder for further details.
Connected to cluster: Test Cluster
Datacenter: datacenter1; Host: localhost/127.0.0.1; Rack: rack1
Finish warming up the db with 1000 read operations
2015-09-30 17:23:43:575 0 sec: 0 operations; est completion in 0 seconds 
2015-09-30 17:23:43:575 0 sec: 0 operations; est completion in 0 seconds 
2015-09-30 17:23:51:657 8 sec: 100000 operations; 12373.17 current ops/sec; [CLEANUP AverageLatency(us)=0.16] [READ AverageLatency(us)=15412.89] [UPDATE AverageLatency(us)=5583.91] 
2015-09-30 17:23:51:657 8 sec: 100000 operations; 12373.17 current ops/sec; [CLEANUP AverageLatency(us)=0.16] [READ AverageLatency(us)=15412.89] [UPDATE AverageLatency(us)=5583.91] 
[OVERALL], RunTime(ms), 8082.0
[OVERALL], Throughput(ops/sec), 12373.174956693887
[CLEANUP], Operations, 192
[CLEANUP], AverageLatency(us), 0.16145833333333334
[CLEANUP], MinLatency(us), 0
[CLEANUP], MaxLatency(us), 10
[CLEANUP], 0_235_11.804_2_0.147, 6.0
[CLEANUP], 10_235_11.804_2_0.147, 1.0
[CLEANUP], 50_235_11.804_2_0.147, 1.0
[CLEANUP], 70_235_11.804_2_0.147, 0.2
[CLEANUP], 80_235_11.804_2_0.147, 0.0
[CLEANUP], 90_235_11.804_2_0.147, 0.0
[CLEANUP], 110_235_11.804_2_0.147, 0.0
[CLEANUP], 120_235_11.804_2_0.147, 0.0
[CLEANUP], 130_235_11.804_2_0.147, 0.0
[CLEANUP], 140_235_11.804_2_0.147, 0.0
[CLEANUP], 150_235_11.804_2_0.147, 0.2
[CLEANUP], 160_235_11.804_2_0.147, 0.5
[CLEANUP], 170_235_11.804_2_0.147, 0.0
[CLEANUP], 180_235_11.804_2_0.147, 0.16666666666666666
[CLEANUP], 190_235_11.804_2_0.147, 0.14285714285714285
[CLEANUP], 200_235_11.804_2_0.147, 1.0
[CLEANUP], 210_235_11.804_2_0.147, 0.07692307692307693
[CLEANUP], 220_235_11.804_2_0.147, 0.2
[CLEANUP], 230_235_11.804_2_0.147, 0.0
[CLEANUP], 240_235_11.804_2_0.147, 0.0
[CLEANUP], 250_235_11.804_2_0.147, 0.05
[CLEANUP], 260_235_11.804_2_0.147, 0.0625
[CLEANUP], 270_235_11.804_2_0.147, 0.0
[CLEANUP], 280_235_11.804_2_0.147, 0.0
[READ], Operations, 94972
[READ], AverageLatency(us), 15412.887640567746
[READ], MinLatency(us), 633
[READ], MaxLatency(us), 221120
[READ], Return=0, 94972
[READ], 0_230_11.551_2_0.147, 4204.333333333333
[READ], 10_230_11.551_2_0.147, 3884.0
[READ], 50_230_11.551_2_0.147, 116930.0
[READ], 70_230_11.551_2_0.147, 118663.0
[READ], 80_230_11.551_2_0.147, 76891.13333333333
[READ], 90_230_11.551_2_0.147, 135148.0
[READ], 100_230_11.551_2_0.147, 131572.0
[READ], 110_230_11.551_2_0.147, 152843.625
[READ], 120_230_11.551_2_0.147, 177009.0
[READ], 130_230_11.551_2_0.147, 157411.8
[READ], 150_230_11.551_2_0.147, 211510.0
[READ], 160_230_11.551_2_0.147, 130372.83333333333
[READ], 170_230_11.551_2_0.147, 104531.11111111111
[READ], 190_230_11.551_2_0.147, 105539.57142857143
[READ], 200_230_11.551_2_0.147, 122960.0
[READ], 210_230_11.551_2_0.147, 94008.53488372093
[READ], 230_230_11.551_2_0.147, 73242.9
[READ], 240_230_11.551_2_0.147, 60818.76470588235
[READ], 250_230_11.551_2_0.147, 21517.728971962617
[READ], 260_230_11.551_2_0.147, 15668.886075949367
[READ], 270_230_11.551_2_0.147, 19025.948979591838
[READ], 280_230_11.551_2_0.147, 16625.02727272727
[READ], 290_230_11.551_2_0.147, 14671.587155963303
[READ], 300_230_11.551_2_0.147, 13942.69696969697
[READ], 310_230_11.551_2_0.147, 15632.456310679612
[READ], 320_230_11.551_2_0.147, 14845.359550561798
[READ], 330_230_11.551_2_0.147, 18076.76767676768
[READ], 340_230_11.551_2_0.147, 19717.65625
[READ], 350_230_11.551_2_0.147, 15575.622807017544
[READ], 360_230_11.551_2_0.147, 14564.855172413792
[READ], 370_230_11.551_2_0.147, 13004.41304347826
[READ], 380_230_11.551_2_0.147, 15408.430894308944
[READ], 390_230_11.551_2_0.147, 14963.233870967742
[READ], 400_230_11.551_2_0.147, 14891.575
[READ], 410_230_11.551_2_0.147, 9635.148648648648
[READ], 420_230_11.551_2_0.147, 10198.64
[READ], 430_230_11.551_2_0.147, 9423.617449664429
[READ], 440_230_11.551_2_0.147, 11791.637096774193
[READ], 450_230_11.551_2_0.147, 13374.528985507246
[READ], 460_230_11.551_2_0.147, 12628.5
[READ], 470_230_11.551_2_0.147, 11981.383458646616
[READ], 480_230_11.551_2_0.147, 20940.115384615383
[READ], 490_230_11.551_2_0.147, 20974.930555555555
[READ], 500_230_11.551_2_0.147, 21807.012345679013
[READ], 510_230_11.551_2_0.147, 10522.733333333334
[READ], 520_230_11.551_2_0.147, 16544.0
[READ], 530_230_11.551_2_0.147, 22590.98561151079
[READ], 540_230_11.551_2_0.147, 19551.887640449437
[READ], 550_230_11.551_2_0.147, 14635.486666666666
[READ], 560_230_11.551_2_0.147, 12691.130434782608
[READ], 570_230_11.551_2_0.147, 13778.7421875
[READ], 580_230_11.551_2_0.147, 12330.427586206897
[READ], 590_230_11.551_2_0.147, 12401.360544217687
[READ], 600_230_11.551_2_0.147, 13049.09420289855
[READ], 610_230_11.551_2_0.147, 13891.259842519685
[READ], 620_230_11.551_2_0.147, 14112.30303030303
[READ], 630_230_11.551_2_0.147, 15046.086614173228
[READ], 640_230_11.551_2_0.147, 14349.33082706767
[READ], 650_230_11.551_2_0.147, 14123.821705426357
[READ], 660_230_11.551_2_0.147, 14173.944
[READ], 670_230_11.551_2_0.147, 14625.7
[READ], 680_230_11.551_2_0.147, 14954.112903225807
[READ], 690_230_11.551_2_0.147, 14743.212598425196
[READ], 700_230_11.551_2_0.147, 14313.480916030534
[READ], 710_230_11.551_2_0.147, 14311.388888888889
[READ], 720_230_11.551_2_0.147, 14340.653846153846
[READ], 730_230_11.551_2_0.147, 13849.107692307693
[READ], 740_230_11.551_2_0.147, 14361.671875
[READ], 750_230_11.551_2_0.147, 14439.022900763359
[READ], 760_230_11.551_2_0.147, 14988.233870967742
[READ], 770_230_11.551_2_0.147, 14858.007633587786
[READ], 780_230_11.551_2_0.147, 14347.178294573643
[READ], 790_230_11.551_2_0.147, 14496.398496240601
[READ], 800_230_11.551_2_0.147, 14081.976377952757
[READ], 810_230_11.551_2_0.147, 14570.492307692308
[READ], 820_230_11.551_2_0.147, 14590.461538461539
[READ], 830_230_11.551_2_0.147, 14867.8046875
[READ], 840_230_11.551_2_0.147, 14131.635658914729
[READ], 850_230_11.551_2_0.147, 14129.654135338345
[READ], 860_230_11.551_2_0.147, 13706.977099236641
[READ], 870_231_11.602_2_0.147, 15847.324324324325
[READ], 930_231_11.602_2_0.147, 72791.4
[READ], 940_231_11.602_2_0.147, 79560.64615384616
[READ], 950_231_11.602_2_0.147, 46698.59477124183
[READ], 960_231_11.602_2_0.147, 18053.265625
[READ], 970_231_11.602_2_0.147, 24125.595238095237
[READ], 980_231_11.602_2_0.147, 16490.118556701033
[READ], 990_231_11.602_2_0.147, 10418.916666666666
[READ], 1000_231_11.602_2_0.147, 14665.681818181818
[READ], 1010_231_11.602_2_0.147, 14961.818181818182
[READ], 1020_231_11.602_2_0.147, 14007.20610687023
[READ], 1030_231_11.602_2_0.147, 14575.7
[READ], 1040_231_11.602_2_0.147, 14762.7890625
[READ], 1050_231_11.602_2_0.147, 14629.9921875
[READ], 1060_231_11.602_2_0.147, 14291.363636363636
[READ], 1070_231_11.602_2_0.147, 14423.725190839694
[READ], 1080_231_11.602_2_0.147, 14459.0234375
[READ], 1090_231_11.602_2_0.147, 14019.586466165414
[READ], 1100_231_11.602_2_0.147, 14936.341085271319
[READ], 1110_231_11.602_2_0.147, 14628.83076923077
[READ], 1120_231_11.602_2_0.147, 14746.26923076923
[READ], 1130_231_11.602_2_0.147, 14318.221374045801
[READ], 1140_231_11.602_2_0.147, 14500.576
[READ], 1150_231_11.602_2_0.147, 14559.323076923078
[READ], 1160_231_11.602_2_0.147, 14073.823076923078
[READ], 1170_231_11.602_2_0.147, 14942.484615384616
[READ], 1180_231_11.602_2_0.147, 14755.904761904761
[READ], 1190_231_11.602_2_0.147, 14835.358778625954
[READ], 1200_231_11.602_2_0.147, 14362.859375
[READ], 1210_231_11.602_2_0.147, 14358.8359375
[READ], 1220_231_11.602_2_0.147, 14782.91603053435
[READ], 1230_231_11.602_2_0.147, 14567.222222222223
[READ], 1240_231_11.602_2_0.147, 14689.530769230769
[READ], 1250_231_11.602_2_0.147, 14317.01550387597
[READ], 1260_231_11.602_2_0.147, 14293.69172932331
[READ], 1270_231_11.602_2_0.147, 15147.306451612903
[READ], 1280_231_11.602_2_0.147, 14461.075757575758
[READ], 1290_231_11.602_2_0.147, 14542.253968253968
[READ], 1300_231_11.602_2_0.147, 15092.390625
[READ], 1310_231_11.602_2_0.147, 14652.204724409448
[READ], 1320_231_11.602_2_0.147, 14322.040983606557
[READ], 1330_231_11.602_2_0.147, 15439.39837398374
[READ], 1340_231_11.602_2_0.147, 15104.508064516129
[READ], 1350_231_11.602_2_0.147, 15294.08
[READ], 1360_231_11.602_2_0.147, 15390.691666666668
[READ], 1370_231_11.602_2_0.147, 15217.503937007874
[READ], 1380_231_11.602_2_0.147, 14991.488
[READ], 1390_231_11.602_2_0.147, 14765.354838709678
[READ], 1400_231_11.602_2_0.147, 14937.590163934427
[READ], 1410_231_11.602_2_0.147, 15343.824
[READ], 1420_231_11.602_2_0.147, 14813.198412698413
[READ], 1430_231_11.602_2_0.147, 15141.040983606557
[READ], 1440_231_11.602_2_0.147, 14574.0
[READ], 1450_231_11.602_2_0.147, 14471.75572519084
[READ], 1460_231_11.602_2_0.147, 14179.945736434109
[READ], 1470_231_11.602_2_0.147, 15930.40322580645
[READ], 1480_231_11.602_2_0.147, 14824.0234375
[READ], 1490_231_11.602_2_0.147, 14297.576923076924
[READ], 1500_231_11.602_2_0.147, 13663.954198473282
[READ], 1510_231_11.602_2_0.147, 14936.635658914729
[READ], 1520_231_11.602_2_0.147, 14000.770992366412
[READ], 1530_231_11.602_2_0.147, 15073.595419847328
[READ], 1540_231_11.602_2_0.147, 14247.960317460318
[READ], 1550_231_11.602_2_0.147, 15041.359375
[READ], 1560_231_11.602_2_0.147, 14850.5078125
[READ], 1570_231_11.602_2_0.147, 14647.51968503937
[READ], 1580_231_11.602_2_0.147, 14412.364341085271
[READ], 1590_231_11.602_2_0.147, 13894.198473282442
[READ], 1600_231_11.602_2_0.147, 15086.288
[READ], 1610_231_11.602_2_0.147, 14824.1484375
[READ], 1620_231_11.602_2_0.147, 14468.564885496184
[READ], 1630_231_11.602_2_0.147, 14748.676923076922
[READ], 1640_231_11.602_2_0.147, 14597.961832061068
[READ], 1650_231_11.602_2_0.147, 14757.785714285714
[READ], 1660_231_11.602_2_0.147, 14697.765625
[READ], 1670_231_11.602_2_0.147, 14683.511450381679
[READ], 1680_231_11.602_2_0.147, 14567.438461538462
[READ], 1690_231_11.602_2_0.147, 14332.388888888889
[READ], 1700_231_11.602_2_0.147, 14635.969696969696
[READ], 1710_231_11.602_2_0.147, 14683.52380952381
[READ], 1720_231_11.602_2_0.147, 14360.596899224805
[READ], 1730_231_11.602_2_0.147, 14073.931297709923
[READ], 1740_231_11.602_2_0.147, 14631.734375
[READ], 1750_231_11.602_2_0.147, 14492.220472440946
[READ], 1760_231_11.602_2_0.147, 14730.784615384615
[READ], 1770_231_11.602_2_0.147, 14304.587786259543
[READ], 1780_231_11.602_2_0.147, 14385.4375
[READ], 1790_231_11.602_2_0.147, 14791.167938931298
[READ], 1800_231_11.602_2_0.147, 14608.666666666666
[READ], 1810_231_11.602_2_0.147, 14567.33076923077
[READ], 1820_231_11.602_2_0.147, 14460.821705426357
[READ], 1830_231_11.602_2_0.147, 14054.161538461538
[READ], 1840_231_11.602_2_0.147, 14494.763358778626
[READ], 1850_231_11.602_2_0.147, 15255.25
[READ], 1860_231_11.602_2_0.147, 13867.893129770993
[READ], 1870_231_11.602_2_0.147, 14963.651162790698
[READ], 1880_231_11.602_2_0.147, 14199.465648854963
[READ], 1890_231_11.602_2_0.147, 14510.097014925374
[READ], 1900_231_11.602_2_0.147, 14044.274809160306
[READ], 1910_231_11.602_2_0.147, 14239.4140625
[READ], 1920_231_11.602_2_0.147, 14196.925373134329
[READ], 1930_231_11.602_2_0.147, 14787.519083969466
[READ], 1940_231_11.602_2_0.147, 14088.08396946565
[READ], 1950_231_11.602_2_0.147, 14227.12213740458
[READ], 1960_231_11.602_2_0.147, 14647.824427480917
[READ], 1970_231_11.602_2_0.147, 14629.354330708662
[READ], 1980_231_11.602_2_0.147, 14870.727272727272
[READ], 1990_231_11.602_2_0.147, 14684.4
[READ], 2000_231_11.602_2_0.147, 14943.515873015873
[READ], 2010_231_11.602_2_0.147, 14992.1640625
[READ], 2020_231_11.602_2_0.147, 14596.31007751938
[READ], 2030_231_11.602_2_0.147, 14458.8
[READ], 2040_231_11.602_2_0.147, 14568.821705426357
[READ], 2050_231_11.602_2_0.147, 14574.3
[READ], 2060_231_11.602_2_0.147, 14514.62015503876
[READ], 2070_231_11.602_2_0.147, 14247.946153846155
[READ], 2080_231_11.602_2_0.147, 14831.446153846155
[READ], 2090_231_11.602_2_0.147, 14412.06976744186
[READ], 2100_231_11.602_2_0.147, 15357.578512396694
[READ], 2110_231_11.602_2_0.147, 15015.258992805755
[READ], 2120_231_11.602_2_0.147, 13605.153846153846
[READ], 2130_231_11.602_2_0.147, 14309.83076923077
[READ], 2140_231_11.602_2_0.147, 14059.030769230769
[READ], 2150_231_11.602_2_0.147, 14629.456692913385
[READ], 2160_231_11.602_2_0.147, 13817.488372093023
[READ], 2170_231_11.602_2_0.147, 14364.409448818898
[READ], 2180_231_11.602_2_0.147, 14065.68888888889
[READ], 2190_231_11.602_2_0.147, 13969.518518518518
[READ], 2200_231_11.602_2_0.147, 14868.5703125
[READ], 2210_231_11.602_2_0.147, 13788.75572519084
[READ], 2220_231_11.602_2_0.147, 15048.511811023622
[READ], 2230_231_11.602_2_0.147, 14464.640625
[READ], 2240_231_11.602_2_0.147, 14225.65909090909
[READ], 2250_231_11.602_2_0.147, 14596.713178294574
[READ], 2260_231_11.602_2_0.147, 14352.744186046511
[READ], 2270_231_11.602_2_0.147, 14937.882352941177
[READ], 2280_231_11.602_2_0.147, 13774.7265625
[READ], 2290_231_11.602_2_0.147, 14523.19696969697
[READ], 2300_231_11.602_2_0.147, 14282.887218045113
[READ], 2310_231_11.602_2_0.147, 14171.356589147286
[READ], 2320_231_11.602_2_0.147, 14205.307692307691
[READ], 2330_231_11.602_2_0.147, 15187.661538461538
[READ], 2340_231_11.602_2_0.147, 13833.8671875
[READ], 2350_231_11.602_2_0.147, 14454.7421875
[READ], 2360_231_11.602_2_0.147, 14486.977443609023
[READ], 2370_231_11.602_2_0.147, 15051.946153846155
[READ], 2380_231_11.602_2_0.147, 14266.201550387597
[READ], 2390_231_11.602_2_0.147, 15398.953488372093
[READ], 2400_231_11.602_2_0.147, 13992.451612903225
[READ], 2410_231_11.602_2_0.147, 14878.621212121212
[READ], 2420_231_11.602_2_0.147, 14136.42857142857
[READ], 2430_231_11.602_2_0.147, 13636.123076923077
[READ], 2440_231_11.602_2_0.147, 14062.544
[READ], 2450_231_11.602_2_0.147, 15597.030534351145
[READ], 2460_231_11.602_2_0.147, 14824.046153846153
[READ], 2470_231_11.602_2_0.147, 14961.796875
[READ], 2480_231_11.602_2_0.147, 14558.568
[READ], 2490_231_11.602_2_0.147, 14716.923664122138
[READ], 2500_231_11.602_2_0.147, 14242.16
[READ], 2510_231_11.602_2_0.147, 14764.390977443609
[READ], 2520_231_11.602_2_0.147, 14250.0
[READ], 2530_231_11.602_2_0.147, 14706.873015873016
[READ], 2540_231_11.602_2_0.147, 14679.692307692309
[READ], 2550_231_11.602_2_0.147, 14747.823076923078
[READ], 2560_231_11.602_2_0.147, 14873.456692913385
[READ], 2570_231_11.602_2_0.147, 14780.930769230768
[READ], 2580_231_11.602_2_0.147, 14232.267716535433
[READ], 2590_231_11.602_2_0.147, 14584.022900763359
[READ], 2600_231_11.602_2_0.147, 15106.984126984127
[READ], 2610_231_11.602_2_0.147, 14460.953125
[READ], 2620_231_11.602_2_0.147, 14387.193798449613
[READ], 2630_231_11.602_2_0.147, 14977.392307692307
[READ], 2640_231_11.602_2_0.147, 14318.070866141732
[READ], 2650_231_11.602_2_0.147, 14736.961538461539
[READ], 2660_231_11.602_2_0.147, 15021.866141732284
[READ], 2670_231_11.602_2_0.147, 14626.363636363636
[READ], 2680_231_11.602_2_0.147, 14570.532258064517
[READ], 2690_231_11.602_2_0.147, 15191.03937007874
[READ], 2700_231_11.602_2_0.147, 15103.16
[READ], 2710_231_11.602_2_0.147, 14552.535433070867
[READ], 2720_231_11.602_2_0.147, 14562.454545454546
[READ], 2730_231_11.602_2_0.147, 14669.4609375
[READ], 2740_231_11.602_2_0.147, 14922.00826446281
[READ], 2750_231_11.602_2_0.147, 14475.290076335878
[READ], 2760_231_11.602_2_0.147, 15118.246153846154
[READ], 2770_231_11.602_2_0.147, 14687.912
[READ], 2780_231_11.602_2_0.147, 14620.692913385827
[READ], 2790_231_11.602_2_0.147, 14865.962121212122
[READ], 2800_231_11.602_2_0.147, 14695.108527131782
[READ], 2810_231_11.602_2_0.147, 14714.818897637795
[READ], 2820_231_11.602_2_0.147, 14588.404761904761
[READ], 2830_231_11.602_2_0.147, 14639.0546875
[READ], 2840_231_11.602_2_0.147, 15229.752
[READ], 2850_231_11.602_2_0.147, 15069.184615384615
[READ], 2860_231_11.602_2_0.147, 14474.5546875
[READ], 2870_231_11.602_2_0.147, 14459.90909090909
[READ], 2880_231_11.602_2_0.147, 14325.912698412698
[READ], 2890_231_11.602_2_0.147, 14721.031007751939
[READ], 2900_231_11.602_2_0.147, 14855.6875
[READ], 2910_231_11.602_2_0.147, 15192.469230769231
[READ], 2920_231_11.602_2_0.147, 14609.188976377953
[READ], 2930_231_11.602_2_0.147, 14381.315384615385
[READ], 2940_231_11.602_2_0.147, 15271.088
[READ], 2950_231_11.602_2_0.147, 15501.96694214876
[READ], 2960_231_11.602_2_0.147, 14750.975806451614
[READ], 2970_231_11.602_2_0.147, 15133.88
[READ], 2980_231_11.602_2_0.147, 15379.6
[READ], 2990_231_11.602_2_0.147, 14787.041666666666
[READ], 3000_231_11.602_2_0.147, 15620.139344262296
[READ], 3010_231_11.602_2_0.147, 15233.765625
[READ], 3020_231_11.602_2_0.147, 14533.66393442623
[READ], 3030_231_11.602_2_0.147, 15154.139534883721
[READ], 3040_231_11.602_2_0.147, 15409.5
[READ], 3050_231_11.602_2_0.147, 14962.477611940298
[READ], 3060_231_11.602_2_0.147, 14066.992481203008
[READ], 3070_231_11.602_2_0.147, 14735.222222222223
[READ], 3080_231_11.602_2_0.147, 15055.614173228347
[READ], 3090_231_11.602_2_0.147, 14900.459677419354
[READ], 3100_231_11.602_2_0.147, 14393.780821917808
[READ], 3110_231_11.602_2_0.147, 37403.0
[READ], 3120_233_11.728_2_0.147, 31621.714285714286
[READ], 3250_233_11.728_2_0.147, 161909.76315789475
[READ], 3260_233_11.728_2_0.147, 124771.23952095809
[READ], 3270_233_11.728_2_0.147, 21471.739837398374
[READ], 3280_233_11.728_2_0.147, 25885.48
[READ], 3290_233_11.728_2_0.147, 29156.731707317074
[READ], 3300_233_11.728_2_0.147, 14199.266304347826
[READ], 3310_233_11.728_2_0.147, 11772.480916030534
[READ], 3320_233_11.728_2_0.147, 14356.511627906977
[READ], 3330_233_11.728_2_0.147, 15423.818897637795
[READ], 3340_233_11.728_2_0.147, 15594.079365079366
[READ], 3350_233_11.728_2_0.147, 14612.267175572519
[READ], 3360_233_11.728_2_0.147, 14512.121951219513
[READ], 3370_233_11.728_2_0.147, 15175.094488188977
[READ], 3380_233_11.728_2_0.147, 14654.109375
[READ], 3390_233_11.728_2_0.147, 14796.674603174602
[READ], 3400_233_11.728_2_0.147, 14251.401515151516
[READ], 3410_233_11.728_2_0.147, 14997.472
[READ], 3420_233_11.728_2_0.147, 14906.818897637795
[READ], 3430_233_11.728_2_0.147, 14279.312977099236
[READ], 3440_233_11.728_2_0.147, 14160.545454545454
[READ], 3450_233_11.728_2_0.147, 14804.777777777777
[READ], 3460_233_11.728_2_0.147, 14757.735042735043
[READ], 3470_233_11.728_2_0.147, 15395.185714285713
[READ], 3480_233_11.728_2_0.147, 13953.992125984252
[READ], 3490_233_11.728_2_0.147, 14166.876923076923
[READ], 3500_233_11.728_2_0.147, 15049.784615384615
[READ], 3510_233_11.728_2_0.147, 14286.992248062015
[READ], 3520_233_11.728_2_0.147, 14648.112903225807
[READ], 3530_233_11.728_2_0.147, 14475.924242424242
[READ], 3540_233_11.728_2_0.147, 14519.65625
[READ], 3550_233_11.728_2_0.147, 14889.627906976744
[READ], 3560_233_11.728_2_0.147, 14995.70542635659
[READ], 3570_233_11.728_2_0.147, 15286.152
[READ], 3580_233_11.728_2_0.147, 14555.031007751939
[READ], 3590_233_11.728_2_0.147, 14534.83076923077
[READ], 3600_233_11.728_2_0.147, 14865.451612903225
[READ], 3610_233_11.728_2_0.147, 14902.920634920634
[READ], 3620_233_11.728_2_0.147, 14229.176923076922
[READ], 3630_233_11.728_2_0.147, 15121.53488372093
[READ], 3640_233_11.728_2_0.147, 14863.875968992248
[READ], 3650_233_11.728_2_0.147, 14276.96875
[READ], 3660_233_11.728_2_0.147, 14874.968503937007
[READ], 3670_233_11.728_2_0.147, 14025.151515151516
[READ], 3680_233_11.728_2_0.147, 15127.108333333334
[READ], 3690_233_11.728_2_0.147, 15041.634328358208
[READ], 3700_233_11.728_2_0.147, 14889.720930232557
[READ], 3710_233_11.728_2_0.147, 14603.7265625
[READ], 3720_233_11.728_2_0.147, 14449.356589147286
[READ], 3730_233_11.728_2_0.147, 14488.681818181818
[READ], 3740_233_11.728_2_0.147, 14548.1953125
[READ], 3750_233_11.728_2_0.147, 14918.944881889764
[READ], 3760_233_11.728_2_0.147, 14064.13492063492
[READ], 3770_233_11.728_2_0.147, 14925.922480620155
[READ], 3780_233_11.728_2_0.147, 14687.856
[READ], 3790_233_11.728_2_0.147, 15153.893129770993
[READ], 3800_233_11.728_2_0.147, 14364.484375
[READ], 3810_233_11.728_2_0.147, 14755.708661417322
[READ], 3820_233_11.728_2_0.147, 15260.5546875
[READ], 3830_233_11.728_2_0.147, 14588.83606557377
[READ], 3840_233_11.728_2_0.147, 15074.65909090909
[READ], 3850_233_11.728_2_0.147, 14570.08
[READ], 3860_233_11.728_2_0.147, 14512.385826771653
[READ], 3870_233_11.728_2_0.147, 14756.953488372093
[READ], 3880_233_11.728_2_0.147, 14684.547619047618
[READ], 3890_233_11.728_2_0.147, 14889.8046875
[READ], 3900_233_11.728_2_0.147, 14758.676923076922
[READ], 3910_233_11.728_2_0.147, 14582.392307692307
[READ], 3920_233_11.728_2_0.147, 14222.124031007752
[READ], 3930_233_11.728_2_0.147, 15061.53125
[READ], 3940_233_11.728_2_0.147, 14235.39534883721
[READ], 3950_233_11.728_2_0.147, 14959.435483870968
[READ], 3960_233_11.728_2_0.147, 14749.488
[READ], 3970_233_11.728_2_0.147, 15082.8046875
[READ], 3980_233_11.728_2_0.147, 14484.570370370371
[READ], 3990_233_11.728_2_0.147, 14785.722222222223
[READ], 4000_233_11.728_2_0.147, 14701.645161290322
[READ], 4010_233_11.728_2_0.147, 14869.616541353384
[READ], 4020_233_11.728_2_0.147, 14341.913385826772
[READ], 4030_233_11.728_2_0.147, 14981.643410852714
[READ], 4040_233_11.728_2_0.147, 14392.201550387597
[READ], 4050_233_11.728_2_0.147, 15337.782258064517
[READ], 4060_233_11.728_2_0.147, 14605.36641221374
[READ], 4070_233_11.728_2_0.147, 14687.944881889764
[READ], 4080_233_11.728_2_0.147, 14564.9453125
[READ], 4090_233_11.728_2_0.147, 14412.515151515152
[READ], 4100_233_11.728_2_0.147, 14837.776
[READ], 4110_233_11.728_2_0.147, 15238.702290076335
[READ], 4120_233_11.728_2_0.147, 14340.536
[READ], 4130_233_11.728_2_0.147, 14590.628787878788
[READ], 4140_233_11.728_2_0.147, 14824.992
[READ], 4150_233_11.728_2_0.147, 14292.901515151516
[READ], 4160_233_11.728_2_0.147, 14512.323076923078
[READ], 4170_233_11.728_2_0.147, 15164.433070866142
[READ], 4180_233_11.728_2_0.147, 14654.03007518797
[READ], 4190_233_11.728_2_0.147, 15084.024193548386
[READ], 4200_233_11.728_2_0.147, 14468.709923664122
[READ], 4210_233_11.728_2_0.147, 14485.73076923077
[READ], 4220_233_11.728_2_0.147, 14294.8984375
[READ], 4230_233_11.728_2_0.147, 14273.323308270677
[READ], 4240_233_11.728_2_0.147, 14542.732824427481
[READ], 4250_233_11.728_2_0.147, 14069.1968503937
[READ], 4260_233_11.728_2_0.147, 14652.423076923076
[READ], 4270_233_11.728_2_0.147, 15817.69105691057
[READ], 4280_233_11.728_2_0.147, 15177.761904761905
[READ], 4290_233_11.728_2_0.147, 14921.9453125
[READ], 4300_233_11.728_2_0.147, 14655.952755905511
[READ], 4310_233_11.728_2_0.147, 14911.507692307692
[READ], 4320_233_11.728_2_0.147, 14633.776
[READ], 4330_233_11.728_2_0.147, 14967.5234375
[READ], 4340_233_11.728_2_0.147, 14874.83464566929
[READ], 4350_233_11.728_2_0.147, 14683.385826771653
[READ], 4360_233_11.728_2_0.147, 14650.129770992366
[READ], 4370_233_11.728_2_0.147, 15075.72131147541
[READ], 4380_233_11.728_2_0.147, 14763.412698412698
[READ], 4390_233_11.728_2_0.147, 14505.819548872181
[READ], 4400_233_11.728_2_0.147, 14236.780303030304
[READ], 4410_233_11.728_2_0.147, 15173.61475409836
[READ], 4420_233_11.728_2_0.147, 14547.279069767443
[READ], 4430_233_11.728_2_0.147, 15057.261538461538
[READ], 4440_233_11.728_2_0.147, 14150.272
[READ], 4450_233_11.728_2_0.147, 14887.157480314962
[READ], 4460_233_11.728_2_0.147, 14931.984251968504
[READ], 4470_233_11.728_2_0.147, 14844.873134328358
[READ], 4480_233_11.728_2_0.147, 14292.920634920634
[READ], 4490_233_11.728_2_0.147, 14685.2421875
[READ], 4500_233_11.728_2_0.147, 14612.380952380952
[READ], 4510_233_11.728_2_0.147, 14300.546875
[READ], 4520_233_11.728_2_0.147, 14767.007692307692
[READ], 4530_233_11.728_2_0.147, 15050.434108527132
[READ], 4540_233_11.728_2_0.147, 13969.388888888889
[READ], 4550_233_11.728_2_0.147, 14975.253968253968
[READ], 4560_233_11.728_2_0.147, 15905.714285714286
[READ], 4570_233_11.728_2_0.147, 15923.201612903225
[READ], 4580_233_11.728_2_0.147, 14991.057377049181
[READ], 4590_233_11.728_2_0.147, 15370.491935483871
[READ], 4600_233_11.728_2_0.147, 15220.934426229509
[READ], 4610_233_11.728_2_0.147, 15227.731707317073
[READ], 4620_233_11.728_2_0.147, 14541.0
[READ], 4630_233_11.728_2_0.147, 15042.138461538461
[READ], 4640_233_11.728_2_0.147, 14921.758064516129
[READ], 4650_233_11.728_2_0.147, 14592.598425196851
[READ], 4660_233_11.728_2_0.147, 14303.728682170542
[READ], 4670_233_11.728_2_0.147, 14475.542635658914
[READ], 4680_233_11.728_2_0.147, 15179.022900763359
[READ], 4690_233_11.728_2_0.147, 15011.961538461539
[READ], 4700_233_11.728_2_0.147, 15069.548387096775
[READ], 4710_233_11.728_2_0.147, 15260.527559055117
[READ], 4720_233_11.728_2_0.147, 14770.798387096775
[READ], 4730_233_11.728_2_0.147, 15023.354330708662
[READ], 4740_233_11.728_2_0.147, 14628.038167938932
[READ], 4750_233_11.728_2_0.147, 14544.251908396947
[READ], 4760_233_11.728_2_0.147, 14678.698412698413
[READ], 4770_233_11.728_2_0.147, 14298.884615384615
[READ], 4780_233_11.728_2_0.147, 14516.581395348838
[READ], 4790_233_11.728_2_0.147, 14238.709923664122
[READ], 4800_233_11.728_2_0.147, 15136.983870967742
[READ], 4810_233_11.728_2_0.147, 14925.6328125
[READ], 4820_233_11.728_2_0.147, 14554.157480314962
[READ], 4830_233_11.728_2_0.147, 15383.589147286822
[READ], 4840_233_11.728_2_0.147, 14022.348484848484
[READ], 4850_233_11.728_2_0.147, 15688.099173553719
[READ], 4860_233_11.728_2_0.147, 15000.98347107438
[READ], 4870_233_11.728_2_0.147, 14731.194029850747
[READ], 4880_233_11.728_2_0.147, 14530.738095238095
[READ], 4890_233_11.728_2_0.147, 15156.268292682927
[READ], 4900_233_11.728_2_0.147, 15039.123076923077
[READ], 4910_233_11.728_2_0.147, 14550.1953125
[READ], 4920_233_11.728_2_0.147, 14461.648854961832
[READ], 4930_233_11.728_2_0.147, 14506.2578125
[READ], 4940_233_11.728_2_0.147, 14477.146153846154
[READ], 4950_233_11.728_2_0.147, 14744.698412698413
[READ], 4960_233_11.728_2_0.147, 14663.21875
[READ], 4970_233_11.728_2_0.147, 15034.388888888889
[READ], 4980_233_11.728_2_0.147, 14678.541984732825
[READ], 4990_233_11.728_2_0.147, 14939.666666666666
[READ], 5000_233_11.728_2_0.147, 14703.094488188977
[READ], 5010_233_11.728_2_0.147, 14554.147286821706
[READ], 5020_233_11.728_2_0.147, 14563.432835820895
[READ], 5030_233_11.728_2_0.147, 14819.892561983472
[READ], 5040_233_11.728_2_0.147, 14900.15503875969
[READ], 5050_233_11.728_2_0.147, 14024.52205882353
[READ], 5060_233_11.728_2_0.147, 14168.560606060606
[READ], 5070_233_11.728_2_0.147, 15062.991935483871
[READ], 5080_233_11.728_2_0.147, 14852.246153846154
[READ], 5090_233_11.728_2_0.147, 14257.648854961832
[READ], 5100_233_11.728_2_0.147, 14767.423076923076
[READ], 5110_233_11.728_2_0.147, 14294.5703125
[READ], 5120_233_11.728_2_0.147, 14973.69465648855
[READ], 5130_233_11.728_2_0.147, 14609.740157480315
[READ], 5140_233_11.728_2_0.147, 14681.5078125
[READ], 5150_233_11.728_2_0.147, 14895.968
[READ], 5160_233_11.728_2_0.147, 14535.335877862595
[READ], 5170_233_11.728_2_0.147, 14775.046511627907
[READ], 5180_233_11.728_2_0.147, 14916.048780487805
[READ], 5190_233_11.728_2_0.147, 15001.28125
[READ], 5200_233_11.728_2_0.147, 14653.03125
[READ], 5210_233_11.728_2_0.147, 14990.15503875969
[READ], 5220_233_11.728_2_0.147, 14773.289256198346
[READ], 5230_233_11.728_2_0.147, 14820.578947368422
[READ], 5240_233_11.728_2_0.147, 14504.504
[READ], 5250_233_11.728_2_0.147, 14440.221374045801
[READ], 5260_233_11.728_2_0.147, 14737.512
[READ], 5270_233_11.728_2_0.147, 14384.418604651162
[READ], 5280_233_11.728_2_0.147, 14921.022727272728
[READ], 5290_233_11.728_2_0.147, 14840.295081967213
[READ], 5300_233_11.728_2_0.147, 14702.692307692309
[READ], 5310_233_11.728_2_0.147, 14463.30534351145
[READ], 5320_233_11.728_2_0.147, 14470.246031746032
[READ], 5330_233_11.728_2_0.147, 15407.796875
[READ], 5340_233_11.728_2_0.147, 14690.806451612903
[READ], 5350_233_11.728_2_0.147, 14545.223076923077
[READ], 5360_233_11.728_2_0.147, 14846.292682926829
[READ], 5370_233_11.728_2_0.147, 15209.984251968504
[READ], 5380_233_11.728_2_0.147, 14125.654135338345
[READ], 5390_233_11.728_2_0.147, 14658.60162601626
[READ], 5400_233_11.728_2_0.147, 14942.166666666666
[READ], 5410_233_11.728_2_0.147, 14805.790697674418
[READ], 5420_233_11.728_2_0.147, 15361.732142857143
[READ], 5440_233_11.728_2_0.147, 34555.0
[READ], 5450_234_11.764_2_0.147, 36355.857142857145
[READ], 5480_234_11.764_2_0.147, 77849.0
[READ], 5490_234_11.764_2_0.147, 73293.83050847458
[READ], 5500_234_11.764_2_0.147, 53435.05789473684
[READ], 5510_234_11.764_2_0.147, 13049.244897959185
[READ], 5520_234_11.764_2_0.147, 16620.710059171597
[READ], 5530_234_11.764_2_0.147, 12652.131782945737
[READ], 5540_234_11.764_2_0.147, 14146.21875
[READ], 5550_234_11.764_2_0.147, 14521.711111111112
[READ], 5560_234_11.764_2_0.147, 17360.793939393938
[READ], 5570_234_11.764_2_0.147, 9532.414814814814
[READ], 5580_234_11.764_2_0.147, 13398.08396946565
[READ], 5590_234_11.764_2_0.147, 15530.33076923077
[READ], 5600_234_11.764_2_0.147, 14684.92125984252
[READ], 5610_234_11.764_2_0.147, 14794.75
[READ], 5620_234_11.764_2_0.147, 14015.91603053435
[READ], 5630_234_11.764_2_0.147, 15277.936507936507
[READ], 5640_234_11.764_2_0.147, 14593.551181102363
[READ], 5650_234_11.764_2_0.147, 15084.30534351145
[READ], 5660_234_11.764_2_0.147, 14468.29457364341
[READ], 5670_234_11.764_2_0.147, 14293.1
[READ], 5680_234_11.764_2_0.147, 15152.578125
[READ], 5690_234_11.764_2_0.147, 14520.953846153847
[READ], 5700_234_11.764_2_0.147, 14647.258064516129
[READ], 5710_234_11.764_2_0.147, 15300.1015625
[READ], 5720_234_11.764_2_0.147, 14542.069230769232
[READ], 5730_234_11.764_2_0.147, 14490.1968503937
[READ], 5740_234_11.764_2_0.147, 14669.857142857143
[READ], 5750_234_11.764_2_0.147, 14418.0
[READ], 5760_234_11.764_2_0.147, 15160.71875
[READ], 5770_234_11.764_2_0.147, 14515.209302325582
[READ], 5780_234_11.764_2_0.147, 14832.8046875
[READ], 5790_234_11.764_2_0.147, 14454.287878787878
[READ], 5800_234_11.764_2_0.147, 14759.4453125
[READ], 5810_234_11.764_2_0.147, 14660.380952380952
[READ], 5820_234_11.764_2_0.147, 14637.690476190477
[READ], 5830_234_11.764_2_0.147, 14790.201550387597
[READ], 5840_234_11.764_2_0.147, 14863.11475409836
[READ], 5850_234_11.764_2_0.147, 14850.555555555555
[READ], 5860_234_11.764_2_0.147, 14442.637096774193
[READ], 5870_234_11.764_2_0.147, 14756.45038167939
[READ], 5880_234_11.764_2_0.147, 14862.574803149606
[READ], 5890_234_11.764_2_0.147, 14695.086614173228
[READ], 5900_234_11.764_2_0.147, 14398.076923076924
[READ], 5910_234_11.764_2_0.147, 14644.3671875
[READ], 5920_234_11.764_2_0.147, 14760.6875
[READ], 5930_234_11.764_2_0.147, 14518.2265625
[READ], 5940_234_11.764_2_0.147, 15320.460317460318
[READ], 5950_234_11.764_2_0.147, 14380.338345864662
[READ], 5960_234_11.764_2_0.147, 14367.18320610687
[READ], 5970_234_11.764_2_0.147, 14272.684615384615
[READ], 5980_234_11.764_2_0.147, 14840.1875
[READ], 5990_234_11.764_2_0.147, 14633.944
[READ], 6000_234_11.764_2_0.147, 14524.356589147286
[READ], 6010_234_11.764_2_0.147, 14589.46875
[READ], 6020_234_11.764_2_0.147, 14719.961538461539
[READ], 6030_234_11.764_2_0.147, 14647.824
[READ], 6040_234_11.764_2_0.147, 14902.951612903225
[READ], 6050_234_11.764_2_0.147, 15417.480620155038
[READ], 6060_234_11.764_2_0.147, 14661.4765625
[READ], 6070_234_11.764_2_0.147, 14274.046511627907
[READ], 6080_234_11.764_2_0.147, 14516.861538461539
[READ], 6090_234_11.764_2_0.147, 14925.534351145037
[READ], 6100_234_11.764_2_0.147, 15181.0
[READ], 6110_234_11.764_2_0.147, 14490.318181818182
[READ], 6120_234_11.764_2_0.147, 14587.530769230769
[READ], 6130_234_11.764_2_0.147, 14586.84375
[READ], 6140_234_11.764_2_0.147, 14895.360655737704
[READ], 6150_234_11.764_2_0.147, 15328.864
[READ], 6160_234_11.764_2_0.147, 14974.935483870968
[READ], 6170_234_11.764_2_0.147, 15704.524590163934
[READ], 6180_234_11.764_2_0.147, 15123.590551181102
[READ], 6190_234_11.764_2_0.147, 15184.878048780487
[READ], 6200_234_11.764_2_0.147, 15115.88524590164
[READ], 6210_234_11.764_2_0.147, 15218.467741935483
[READ], 6220_234_11.764_2_0.147, 15372.692307692309
[READ], 6230_234_11.764_2_0.147, 15400.296
[READ], 6240_234_11.764_2_0.147, 15128.024390243903
[READ], 6250_234_11.764_2_0.147, 15345.220472440946
[READ], 6260_234_11.764_2_0.147, 14662.946564885497
[READ], 6270_234_11.764_2_0.147, 14659.133858267716
[READ], 6280_234_11.764_2_0.147, 14854.590551181102
[READ], 6290_234_11.764_2_0.147, 14840.28
[READ], 6300_234_11.764_2_0.147, 14502.488372093023
[READ], 6310_234_11.764_2_0.147, 14762.515151515152
[READ], 6320_234_11.764_2_0.147, 14380.992366412214
[READ], 6330_234_11.764_2_0.147, 14208.3125
[READ], 6340_234_11.764_2_0.147, 14569.5078125
[READ], 6350_234_11.764_2_0.147, 14353.39393939394
[READ], 6360_234_11.764_2_0.147, 14632.348837209302
[READ], 6370_234_11.764_2_0.147, 14685.484126984127
[READ], 6380_234_11.764_2_0.147, 15435.811023622047
[READ], 6390_234_11.764_2_0.147, 15096.541984732825
[READ], 6400_234_11.764_2_0.147, 14602.874015748032
[READ], 6410_234_11.764_2_0.147, 14855.616
[READ], 6420_234_11.764_2_0.147, 14525.913385826772
[READ], 6430_234_11.764_2_0.147, 14873.1328125
[READ], 6440_234_11.764_2_0.147, 14717.015748031496
[READ], 6450_234_11.764_2_0.147, 14361.312977099236
[READ], 6460_234_11.764_2_0.147, 14732.69696969697
[READ], 6470_234_11.764_2_0.147, 14381.901515151516
[READ], 6480_234_11.764_2_0.147, 14449.015625
[READ], 6490_234_11.764_2_0.147, 14934.129032258064
[READ], 6500_234_11.764_2_0.147, 14360.899224806202
[READ], 6510_234_11.764_2_0.147, 15400.815384615385
[READ], 6520_234_11.764_2_0.147, 14949.479674796748
[READ], 6530_234_11.764_2_0.147, 15007.63779527559
[READ], 6540_234_11.764_2_0.147, 14295.57142857143
[READ], 6550_234_11.764_2_0.147, 14447.796875
[READ], 6560_234_11.764_2_0.147, 14598.453125
[READ], 6570_234_11.764_2_0.147, 14728.582677165354
[READ], 6580_234_11.764_2_0.147, 14749.984251968504
[READ], 6590_234_11.764_2_0.147, 15025.100775193798
[READ], 6600_234_11.764_2_0.147, 14241.565891472868
[READ], 6610_234_11.764_2_0.147, 14866.870229007634
[READ], 6620_234_11.764_2_0.147, 14465.626016260163
[READ], 6630_234_11.764_2_0.147, 14805.186046511628
[READ], 6640_234_11.764_2_0.147, 14691.626016260163
[READ], 6650_234_11.764_2_0.147, 15308.055118110236
[READ], 6660_234_11.764_2_0.147, 14416.59375
[READ], 6670_234_11.764_2_0.147, 14736.217054263567
[READ], 6680_234_11.764_2_0.147, 14900.149606299212
[READ], 6690_234_11.764_2_0.147, 14718.113636363636
[READ], 6700_234_11.764_2_0.147, 14769.737704918032
[READ], 6710_234_11.764_2_0.147, 14959.325396825398
[READ], 6720_234_11.764_2_0.147, 14549.171641791045
[READ], 6730_234_11.764_2_0.147, 14327.007874015748
[READ], 6740_234_11.764_2_0.147, 15010.190476190477
[READ], 6750_234_11.764_2_0.147, 14774.084615384616
[READ], 6760_234_11.764_2_0.147, 14818.532258064517
[READ], 6770_234_11.764_2_0.147, 14669.518518518518
[READ], 6780_234_11.764_2_0.147, 14347.362903225807
[READ], 6790_234_11.764_2_0.147, 15134.0234375
[READ], 6800_234_11.764_2_0.147, 14586.566929133858
[READ], 6810_234_11.764_2_0.147, 15207.30081300813
[READ], 6820_234_11.764_2_0.147, 14712.774436090225
[READ], 6830_234_11.764_2_0.147, 14622.763779527559
[READ], 6840_234_11.764_2_0.147, 14582.888888888889
[READ], 6850_234_11.764_2_0.147, 14748.535433070867
[READ], 6860_234_11.764_2_0.147, 14598.458015267175
[READ], 6870_234_11.764_2_0.147, 14718.232558139534
[READ], 6880_234_11.764_2_0.147, 15140.761904761905
[READ], 6890_234_11.764_2_0.147, 15044.787401574804
[READ], 6900_234_11.764_2_0.147, 14193.297709923665
[READ], 6910_234_11.764_2_0.147, 14511.344
[READ], 6920_234_11.764_2_0.147, 14829.8515625
[READ], 6930_234_11.764_2_0.147, 15297.288
[READ], 6940_234_11.764_2_0.147, 14916.51968503937
[READ], 6950_234_11.764_2_0.147, 14697.6171875
[READ], 6960_234_11.764_2_0.147, 14381.449612403101
[READ], 6970_234_11.764_2_0.147, 14699.9296875
[READ], 6980_234_11.764_2_0.147, 14860.24409448819
[READ], 6990_234_11.764_2_0.147, 14636.34375
[READ], 7000_234_11.764_2_0.147, 14268.961832061068
[READ], 7010_234_11.764_2_0.147, 14563.976744186046
[READ], 7020_234_11.764_2_0.147, 14619.807692307691
[READ], 7030_234_11.764_2_0.147, 13969.267716535433
[READ], 7040_234_11.764_2_0.147, 14314.696296296297
[READ], 7050_234_11.764_2_0.147, 14740.141732283464
[READ], 7060_234_11.764_2_0.147, 15207.936507936507
[READ], 7070_234_11.764_2_0.147, 14890.578125
[READ], 7080_234_11.764_2_0.147, 14443.924242424242
[READ], 7090_234_11.764_2_0.147, 14912.100775193798
[READ], 7100_234_11.764_2_0.147, 14754.609375
[READ], 7110_234_11.764_2_0.147, 14749.092307692308
[READ], 7120_234_11.764_2_0.147, 14526.912698412698
[READ], 7130_234_11.764_2_0.147, 14279.546153846153
[READ], 7140_234_11.764_2_0.147, 14628.267175572519
[READ], 7150_234_11.764_2_0.147, 15022.157480314962
[READ], 7160_234_11.764_2_0.147, 14611.122950819672
[READ], 7170_234_11.764_2_0.147, 14884.189393939394
[READ], 7180_234_11.764_2_0.147, 14279.825757575758
[READ], 7190_234_11.764_2_0.147, 14571.943548387097
[READ], 7200_234_11.764_2_0.147, 15265.880952380952
[READ], 7210_234_11.764_2_0.147, 14547.534351145037
[READ], 7220_234_11.764_2_0.147, 14770.7734375
[READ], 7230_234_11.764_2_0.147, 14912.4765625
[READ], 7240_234_11.764_2_0.147, 14455.449612403101
[READ], 7250_234_11.764_2_0.147, 14389.0
[READ], 7260_234_11.764_2_0.147, 14873.636363636364
[READ], 7270_234_11.764_2_0.147, 14504.700787401574
[READ], 7280_234_11.764_2_0.147, 14612.69696969697
[READ], 7290_234_11.764_2_0.147, 15027.512
[READ], 7300_234_11.764_2_0.147, 14247.261538461538
[READ], 7310_234_11.764_2_0.147, 14583.720930232557
[READ], 7320_234_11.764_2_0.147, 14409.626984126984
[READ], 7330_234_11.764_2_0.147, 15107.984375
[READ], 7340_234_11.764_2_0.147, 14518.141732283464
[READ], 7350_234_11.764_2_0.147, 15236.9140625
[READ], 7360_234_11.764_2_0.147, 14502.7578125
[READ], 7370_234_11.764_2_0.147, 14288.618320610687
[READ], 7380_234_11.764_2_0.147, 14495.866141732284
[READ], 7390_234_11.764_2_0.147, 14918.771653543306
[READ], 7400_234_11.764_2_0.147, 14733.503937007874
[READ], 7410_234_11.764_2_0.147, 14826.18320610687
[READ], 7420_234_11.764_2_0.147, 14651.856
[READ], 7430_234_11.764_2_0.147, 14772.83076923077
[READ], 7440_234_11.764_2_0.147, 14426.768656716418
[READ], 7450_234_11.764_2_0.147, 14503.658914728681
[READ], 7460_234_11.764_2_0.147, 14677.611111111111
[READ], 7470_234_11.764_2_0.147, 14627.282442748092
[READ], 7480_234_11.764_2_0.147, 14344.5
[READ], 7490_234_11.764_2_0.147, 14478.766129032258
[READ], 7500_234_11.764_2_0.147, 14694.762962962963
[READ], 7510_234_11.764_2_0.147, 14809.128787878788
[READ], 7520_234_11.764_2_0.147, 14414.421875
[READ], 7530_234_11.764_2_0.147, 14833.47619047619
[READ], 7540_234_11.764_2_0.147, 14786.236220472441
[READ], 7550_234_11.764_2_0.147, 14609.876543209877
[READ], 7560_234_11.764_2_0.147, 15203.72625698324
[READ], 7570_234_11.764_2_0.147, 12463.24427480916
[READ], 7580_234_11.764_2_0.147, 14784.531746031746
[READ], 7590_234_11.764_2_0.147, 15664.048
[READ], 7600_234_11.764_2_0.147, 14629.48031496063
[READ], 7610_234_11.764_2_0.147, 14558.721804511279
[READ], 7620_234_11.764_2_0.147, 14210.061538461538
[READ], 7630_234_11.764_2_0.147, 14404.703125
[READ], 7640_234_11.764_2_0.147, 14710.893129770993
[READ], 7650_234_11.764_2_0.147, 15123.354545454546
[READ], 7660_235_11.804_2_0.147, 19567.0
[READ], 7710_235_11.804_2_0.147, 60480.0459770115
[READ], 7720_235_11.804_2_0.147, 12961.674074074073
[READ], 7730_235_11.804_2_0.147, 12499.311475409837
[READ], 7740_235_11.804_2_0.147, 13528.992063492064
[READ], 7750_235_11.804_2_0.147, 18148.35185185185
[READ], 7760_235_11.804_2_0.147, 18799.542857142857
[READ], 7770_235_11.804_2_0.147, 18815.57894736842
[READ], 7780_235_11.804_2_0.147, 13182.944881889764
[READ], 7790_235_11.804_2_0.147, 14568.172131147541
[READ], 7800_235_11.804_2_0.147, 14661.492063492064
[READ], 7810_235_11.804_2_0.147, 14890.373015873016
[READ], 7820_235_11.804_2_0.147, 14438.056
[READ], 7830_235_11.804_2_0.147, 14591.512396694216
[READ], 7840_235_11.804_2_0.147, 14130.150793650793
[READ], 7850_235_11.804_2_0.147, 13848.784615384615
[READ], 7860_235_11.804_2_0.147, 14176.333333333334
[READ], 7870_235_11.804_2_0.147, 13077.213740458015
[READ], 7880_235_11.804_2_0.147, 13247.809523809523
[READ], 7890_235_11.804_2_0.147, 12375.734848484848
[READ], 7900_235_11.804_2_0.147, 12077.184
[READ], 7910_235_11.804_2_0.147, 11795.6875
[READ], 7920_235_11.804_2_0.147, 11448.706766917294
[READ], 7930_235_11.804_2_0.147, 11028.584
[READ], 7940_235_11.804_2_0.147, 9632.692307692309
[READ], 7950_235_11.804_2_0.147, 9324.36
[READ], 7960_235_11.804_2_0.147, 7602.395348837209
[READ], 7970_235_11.804_2_0.147, 6582.921875
[READ], 7980_235_11.804_2_0.147, 5222.022727272727
[READ], 7990_235_11.804_2_0.147, 3481.6906474820144
[READ], 8000_235_11.804_2_0.147, 1144.2727272727273
[UPDATE], Operations, 5028
[UPDATE], AverageLatency(us), 5583.913484486873
[UPDATE], MinLatency(us), 209
[UPDATE], MaxLatency(us), 166540
[UPDATE], Return=0, 5028
[UPDATE], 0_230_11.551_2_0.147, 48207.0
[UPDATE], 40_230_11.551_2_0.147, 94773.0
[UPDATE], 80_230_11.551_2_0.147, 86397.0
[UPDATE], 100_230_11.551_2_0.147, 103142.0
[UPDATE], 150_230_11.551_2_0.147, 81878.72727272728
[UPDATE], 160_230_11.551_2_0.147, 33504.42857142857
[UPDATE], 170_230_11.551_2_0.147, 16194.0
[UPDATE], 180_230_11.551_2_0.147, 25328.0
[UPDATE], 200_230_11.551_2_0.147, 22280.176470588234
[UPDATE], 210_230_11.551_2_0.147, 14002.625
[UPDATE], 220_230_11.551_2_0.147, 13065.0
[UPDATE], 230_230_11.551_2_0.147, 12519.25
[UPDATE], 250_230_11.551_2_0.147, 19977.25
[UPDATE], 260_230_11.551_2_0.147, 12566.285714285714
[UPDATE], 270_230_11.551_2_0.147, 11100.5
[UPDATE], 280_230_11.551_2_0.147, 11762.42857142857
[UPDATE], 290_230_11.551_2_0.147, 10156.5
[UPDATE], 300_230_11.551_2_0.147, 5701.75
[UPDATE], 310_230_11.551_2_0.147, 5057.333333333333
[UPDATE], 320_230_11.551_2_0.147, 3353.0
[UPDATE], 330_230_11.551_2_0.147, 4013.0
[UPDATE], 340_230_11.551_2_0.147, 5867.5
[UPDATE], 350_230_11.551_2_0.147, 9268.0
[UPDATE], 360_230_11.551_2_0.147, 9017.285714285714
[UPDATE], 370_230_11.551_2_0.147, 8828.333333333334
[UPDATE], 380_230_11.551_2_0.147, 4734.0
[UPDATE], 390_230_11.551_2_0.147, 10332.333333333334
[UPDATE], 400_230_11.551_2_0.147, 15944.0
[UPDATE], 410_230_11.551_2_0.147, 13597.0
[UPDATE], 420_230_11.551_2_0.147, 9775.0
[UPDATE], 440_230_11.551_2_0.147, 19666.166666666668
[UPDATE], 450_230_11.551_2_0.147, 5113.5
[UPDATE], 460_230_11.551_2_0.147, 10917.0
[UPDATE], 470_230_11.551_2_0.147, 8880.625
[UPDATE], 480_230_11.551_2_0.147, 8555.23076923077
[UPDATE], 490_230_11.551_2_0.147, 7550.333333333333
[UPDATE], 500_230_11.551_2_0.147, 6430.75
[UPDATE], 510_230_11.551_2_0.147, 3571.0
[UPDATE], 520_230_11.551_2_0.147, 4536.428571428572
[UPDATE], 530_230_11.551_2_0.147, 4564.4
[UPDATE], 540_230_11.551_2_0.147, 4513.0
[UPDATE], 550_230_11.551_2_0.147, 4815.5
[UPDATE], 560_230_11.551_2_0.147, 4499.6
[UPDATE], 570_230_11.551_2_0.147, 4557.875
[UPDATE], 580_230_11.551_2_0.147, 4482.0
[UPDATE], 590_230_11.551_2_0.147, 4719.0
[UPDATE], 600_230_11.551_2_0.147, 5029.25
[UPDATE], 610_230_11.551_2_0.147, 4397.285714285715
[UPDATE], 620_230_11.551_2_0.147, 4821.0
[UPDATE], 630_230_11.551_2_0.147, 4887.875
[UPDATE], 640_230_11.551_2_0.147, 4502.4
[UPDATE], 650_230_11.551_2_0.147, 4709.857142857143
[UPDATE], 660_230_11.551_2_0.147, 4924.142857142857
[UPDATE], 670_230_11.551_2_0.147, 4787.166666666667
[UPDATE], 680_230_11.551_2_0.147, 4899.0
[UPDATE], 690_230_11.551_2_0.147, 4789.0
[UPDATE], 700_230_11.551_2_0.147, 4745.571428571428
[UPDATE], 710_230_11.551_2_0.147, 4436.8
[UPDATE], 720_230_11.551_2_0.147, 4755.4
[UPDATE], 730_230_11.551_2_0.147, 4661.6
[UPDATE], 740_230_11.551_2_0.147, 4936.666666666667
[UPDATE], 750_230_11.551_2_0.147, 4794.5
[UPDATE], 760_230_11.551_2_0.147, 4729.5
[UPDATE], 770_230_11.551_2_0.147, 4636.5
[UPDATE], 780_231_11.602_2_0.147, 5082.333333333333
[UPDATE], 840_231_11.602_2_0.147, 62988.0
[UPDATE], 850_231_11.602_2_0.147, 35354.0
[UPDATE], 860_231_11.602_2_0.147, 8746.07142857143
[UPDATE], 870_231_11.602_2_0.147, 4796.857142857143
[UPDATE], 880_231_11.602_2_0.147, 10947.25
[UPDATE], 890_231_11.602_2_0.147, 7689.833333333333
[UPDATE], 900_231_11.602_2_0.147, 3544.0666666666666
[UPDATE], 910_231_11.602_2_0.147, 5029.5
[UPDATE], 920_231_11.602_2_0.147, 4870.333333333333
[UPDATE], 930_231_11.602_2_0.147, 4677.0
[UPDATE], 940_231_11.602_2_0.147, 4849.8
[UPDATE], 950_231_11.602_2_0.147, 4924.166666666667
[UPDATE], 960_231_11.602_2_0.147, 4783.2
[UPDATE], 970_231_11.602_2_0.147, 4765.6
[UPDATE], 990_231_11.602_2_0.147, 4748.307692307692
[UPDATE], 1000_231_11.602_2_0.147, 4627.461538461538
[UPDATE], 1010_231_11.602_2_0.147, 4657.666666666667
[UPDATE], 1020_231_11.602_2_0.147, 5000.75
[UPDATE], 1030_231_11.602_2_0.147, 4833.8
[UPDATE], 1040_231_11.602_2_0.147, 4970.25
[UPDATE], 1050_231_11.602_2_0.147, 4789.25
[UPDATE], 1060_231_11.602_2_0.147, 4983.0
[UPDATE], 1070_231_11.602_2_0.147, 4834.0
[UPDATE], 1080_231_11.602_2_0.147, 4666.333333333333
[UPDATE], 1090_231_11.602_2_0.147, 4986.0
[UPDATE], 1100_231_11.602_2_0.147, 5065.8
[UPDATE], 1110_231_11.602_2_0.147, 4836.555555555556
[UPDATE], 1120_231_11.602_2_0.147, 4831.166666666667
[UPDATE], 1130_231_11.602_2_0.147, 5038.125
[UPDATE], 1140_231_11.602_2_0.147, 4900.2
[UPDATE], 1150_231_11.602_2_0.147, 4914.0
[UPDATE], 1160_231_11.602_2_0.147, 5068.25
[UPDATE], 1170_231_11.602_2_0.147, 4839.444444444444
[UPDATE], 1180_231_11.602_2_0.147, 4770.25
[UPDATE], 1190_231_11.602_2_0.147, 4950.166666666667
[UPDATE], 1200_231_11.602_2_0.147, 4955.333333333333
[UPDATE], 1210_231_11.602_2_0.147, 4797.4
[UPDATE], 1220_231_11.602_2_0.147, 4906.2
[UPDATE], 1230_231_11.602_2_0.147, 4817.428571428572
[UPDATE], 1240_231_11.602_2_0.147, 5097.285714285715
[UPDATE], 1250_231_11.602_2_0.147, 4970.833333333333
[UPDATE], 1260_231_11.602_2_0.147, 5035.833333333333
[UPDATE], 1270_231_11.602_2_0.147, 5287.0
[UPDATE], 1280_231_11.602_2_0.147, 5202.8
[UPDATE], 1290_231_11.602_2_0.147, 5003.4
[UPDATE], 1300_231_11.602_2_0.147, 5012.25
[UPDATE], 1310_231_11.602_2_0.147, 5064.666666666667
[UPDATE], 1320_231_11.602_2_0.147, 4952.0
[UPDATE], 1330_231_11.602_2_0.147, 4677.25
[UPDATE], 1340_231_11.602_2_0.147, 4837.727272727273
[UPDATE], 1350_231_11.602_2_0.147, 5210.4
[UPDATE], 1360_231_11.602_2_0.147, 5101.5
[UPDATE], 1370_231_11.602_2_0.147, 5027.25
[UPDATE], 1380_231_11.602_2_0.147, 5042.181818181818
[UPDATE], 1390_231_11.602_2_0.147, 4882.857142857143
[UPDATE], 1400_231_11.602_2_0.147, 4823.272727272727
[UPDATE], 1410_231_11.602_2_0.147, 4918.0
[UPDATE], 1420_231_11.602_2_0.147, 4880.2
[UPDATE], 1430_231_11.602_2_0.147, 4747.6
[UPDATE], 1440_231_11.602_2_0.147, 4704.6
[UPDATE], 1450_231_11.602_2_0.147, 4787.0
[UPDATE], 1460_231_11.602_2_0.147, 5001.428571428572
[UPDATE], 1470_231_11.602_2_0.147, 5415.5
[UPDATE], 1480_231_11.602_2_0.147, 4903.375
[UPDATE], 1490_231_11.602_2_0.147, 4924.285714285715
[UPDATE], 1500_231_11.602_2_0.147, 4753.375
[UPDATE], 1510_231_11.602_2_0.147, 4969.7
[UPDATE], 1520_231_11.602_2_0.147, 4915.222222222223
[UPDATE], 1530_231_11.602_2_0.147, 4915.0
[UPDATE], 1540_231_11.602_2_0.147, 4854.8
[UPDATE], 1550_231_11.602_2_0.147, 5028.875
[UPDATE], 1560_231_11.602_2_0.147, 5045.75
[UPDATE], 1570_231_11.602_2_0.147, 4778.125
[UPDATE], 1580_231_11.602_2_0.147, 4790.333333333333
[UPDATE], 1590_231_11.602_2_0.147, 4775.333333333333
[UPDATE], 1600_231_11.602_2_0.147, 4810.5
[UPDATE], 1610_231_11.602_2_0.147, 5275.2
[UPDATE], 1620_231_11.602_2_0.147, 4847.6
[UPDATE], 1630_231_11.602_2_0.147, 5051.666666666667
[UPDATE], 1640_231_11.602_2_0.147, 4768.25
[UPDATE], 1650_231_11.602_2_0.147, 5120.888888888889
[UPDATE], 1660_231_11.602_2_0.147, 4869.5
[UPDATE], 1670_231_11.602_2_0.147, 4718.428571428572
[UPDATE], 1680_231_11.602_2_0.147, 4911.0
[UPDATE], 1690_231_11.602_2_0.147, 5019.666666666667
[UPDATE], 1700_231_11.602_2_0.147, 5107.0
[UPDATE], 1710_231_11.602_2_0.147, 4795.6
[UPDATE], 1720_231_11.602_2_0.147, 4876.5
[UPDATE], 1730_231_11.602_2_0.147, 4799.0
[UPDATE], 1740_231_11.602_2_0.147, 4907.6
[UPDATE], 1750_231_11.602_2_0.147, 5364.75
[UPDATE], 1760_231_11.602_2_0.147, 4897.428571428572
[UPDATE], 1770_231_11.602_2_0.147, 5102.5
[UPDATE], 1780_231_11.602_2_0.147, 4918.375
[UPDATE], 1790_231_11.602_2_0.147, 4962.4
[UPDATE], 1800_231_11.602_2_0.147, 4962.333333333333
[UPDATE], 1810_231_11.602_2_0.147, 4955.833333333333
[UPDATE], 1820_231_11.602_2_0.147, 5144.5
[UPDATE], 1830_231_11.602_2_0.147, 4948.25
[UPDATE], 1840_231_11.602_2_0.147, 4839.571428571428
[UPDATE], 1850_231_11.602_2_0.147, 4995.2
[UPDATE], 1860_231_11.602_2_0.147, 5081.0
[UPDATE], 1870_231_11.602_2_0.147, 4898.142857142857
[UPDATE], 1880_231_11.602_2_0.147, 5111.0
[UPDATE], 1890_231_11.602_2_0.147, 4975.5
[UPDATE], 1900_231_11.602_2_0.147, 4678.428571428572
[UPDATE], 1910_231_11.602_2_0.147, 4724.142857142857
[UPDATE], 1920_231_11.602_2_0.147, 4934.875
[UPDATE], 1930_231_11.602_2_0.147, 4942.571428571428
[UPDATE], 1940_231_11.602_2_0.147, 4842.0
[UPDATE], 1950_231_11.602_2_0.147, 4873.4
[UPDATE], 1960_231_11.602_2_0.147, 4805.25
[UPDATE], 1970_231_11.602_2_0.147, 4728.0
[UPDATE], 1980_231_11.602_2_0.147, 4965.2
[UPDATE], 1990_231_11.602_2_0.147, 5068.4
[UPDATE], 2000_231_11.602_2_0.147, 4606.0
[UPDATE], 2010_231_11.602_2_0.147, 5122.875
[UPDATE], 2020_231_11.602_2_0.147, 4620.916666666667
[UPDATE], 2030_231_11.602_2_0.147, 4713.285714285715
[UPDATE], 2040_231_11.602_2_0.147, 4902.5
[UPDATE], 2050_231_11.602_2_0.147, 5271.5
[UPDATE], 2060_231_11.602_2_0.147, 4932.9
[UPDATE], 2070_231_11.602_2_0.147, 4846.2
[UPDATE], 2080_231_11.602_2_0.147, 6046.714285714285
[UPDATE], 2090_231_11.602_2_0.147, 4590.4
[UPDATE], 2100_231_11.602_2_0.147, 4691.142857142857
[UPDATE], 2110_231_11.602_2_0.147, 4588.818181818182
[UPDATE], 2120_231_11.602_2_0.147, 4886.375
[UPDATE], 2130_231_11.602_2_0.147, 4800.2
[UPDATE], 2140_231_11.602_2_0.147, 4870.0
[UPDATE], 2150_231_11.602_2_0.147, 4860.888888888889
[UPDATE], 2160_231_11.602_2_0.147, 4959.142857142857
[UPDATE], 2170_231_11.602_2_0.147, 4697.3
[UPDATE], 2180_231_11.602_2_0.147, 4453.7692307692305
[UPDATE], 2190_231_11.602_2_0.147, 4691.333333333333
[UPDATE], 2200_231_11.602_2_0.147, 4654.75
[UPDATE], 2210_231_11.602_2_0.147, 4676.833333333333
[UPDATE], 2220_231_11.602_2_0.147, 4680.333333333333
[UPDATE], 2230_231_11.602_2_0.147, 4823.875
[UPDATE], 2240_231_11.602_2_0.147, 4719.0
[UPDATE], 2250_231_11.602_2_0.147, 4862.0
[UPDATE], 2260_231_11.602_2_0.147, 4797.833333333333
[UPDATE], 2270_231_11.602_2_0.147, 5108.8
[UPDATE], 2280_231_11.602_2_0.147, 4799.75
[UPDATE], 2290_231_11.602_2_0.147, 5108.0
[UPDATE], 2300_231_11.602_2_0.147, 4921.692307692308
[UPDATE], 2310_231_11.602_2_0.147, 4703.25
[UPDATE], 2320_231_11.602_2_0.147, 4679.785714285715
[UPDATE], 2330_231_11.602_2_0.147, 4694.9
[UPDATE], 2340_231_11.602_2_0.147, 4948.142857142857
[UPDATE], 2350_231_11.602_2_0.147, 4882.714285714285
[UPDATE], 2360_231_11.602_2_0.147, 4864.5
[UPDATE], 2370_231_11.602_2_0.147, 5171.0
[UPDATE], 2380_231_11.602_2_0.147, 4967.833333333333
[UPDATE], 2390_231_11.602_2_0.147, 5080.6
[UPDATE], 2400_231_11.602_2_0.147, 4952.5
[UPDATE], 2410_231_11.602_2_0.147, 4915.857142857143
[UPDATE], 2420_231_11.602_2_0.147, 4861.25
[UPDATE], 2430_231_11.602_2_0.147, 4835.0
[UPDATE], 2440_231_11.602_2_0.147, 4848.923076923077
[UPDATE], 2450_231_11.602_2_0.147, 4808.25
[UPDATE], 2460_231_11.602_2_0.147, 4912.2
[UPDATE], 2470_231_11.602_2_0.147, 4977.5
[UPDATE], 2480_231_11.602_2_0.147, 4935.714285714285
[UPDATE], 2490_231_11.602_2_0.147, 5034.75
[UPDATE], 2500_231_11.602_2_0.147, 4719.833333333333
[UPDATE], 2510_231_11.602_2_0.147, 4947.375
[UPDATE], 2520_231_11.602_2_0.147, 4843.4
[UPDATE], 2530_231_11.602_2_0.147, 4930.833333333333
[UPDATE], 2540_231_11.602_2_0.147, 4939.0
[UPDATE], 2550_231_11.602_2_0.147, 4795.888888888889
[UPDATE], 2560_231_11.602_2_0.147, 4760.625
[UPDATE], 2570_231_11.602_2_0.147, 5082.777777777777
[UPDATE], 2580_231_11.602_2_0.147, 4790.666666666667
[UPDATE], 2590_231_11.602_2_0.147, 4892.75
[UPDATE], 2600_231_11.602_2_0.147, 4919.111111111111
[UPDATE], 2610_231_11.602_2_0.147, 4992.833333333333
[UPDATE], 2620_231_11.602_2_0.147, 4924.0
[UPDATE], 2630_231_11.602_2_0.147, 4968.2
[UPDATE], 2640_231_11.602_2_0.147, 4691.545454545455
[UPDATE], 2650_231_11.602_2_0.147, 5181.4
[UPDATE], 2660_231_11.602_2_0.147, 4833.833333333333
[UPDATE], 2670_231_11.602_2_0.147, 4951.6
[UPDATE], 2680_231_11.602_2_0.147, 5072.0
[UPDATE], 2690_231_11.602_2_0.147, 4930.444444444444
[UPDATE], 2700_231_11.602_2_0.147, 4938.0
[UPDATE], 2710_231_11.602_2_0.147, 5264.0
[UPDATE], 2720_231_11.602_2_0.147, 4893.285714285715
[UPDATE], 2730_231_11.602_2_0.147, 4922.714285714285
[UPDATE], 2740_231_11.602_2_0.147, 4883.6
[UPDATE], 2750_231_11.602_2_0.147, 5181.0
[UPDATE], 2760_231_11.602_2_0.147, 5084.75
[UPDATE], 2770_231_11.602_2_0.147, 5066.0
[UPDATE], 2780_231_11.602_2_0.147, 4865.166666666667
[UPDATE], 2790_231_11.602_2_0.147, 4978.444444444444
[UPDATE], 2800_231_11.602_2_0.147, 4807.833333333333
[UPDATE], 2810_231_11.602_2_0.147, 5200.5
[UPDATE], 2820_231_11.602_2_0.147, 5178.8
[UPDATE], 2830_231_11.602_2_0.147, 4827.857142857143
[UPDATE], 2840_231_11.602_2_0.147, 4852.0
[UPDATE], 2850_231_11.602_2_0.147, 5132.166666666667
[UPDATE], 2860_231_11.602_2_0.147, 5079.5
[UPDATE], 2870_231_11.602_2_0.147, 5178.8
[UPDATE], 2880_231_11.602_2_0.147, 5039.0
[UPDATE], 2890_231_11.602_2_0.147, 5162.5
[UPDATE], 2900_231_11.602_2_0.147, 5006.0
[UPDATE], 2910_231_11.602_2_0.147, 4962.166666666667
[UPDATE], 2920_231_11.602_2_0.147, 5022.5
[UPDATE], 2930_231_11.602_2_0.147, 4899.111111111111
[UPDATE], 2940_231_11.602_2_0.147, 5129.833333333333
[UPDATE], 2950_231_11.602_2_0.147, 5359.666666666667
[UPDATE], 2960_231_11.602_2_0.147, 4941.833333333333
[UPDATE], 2970_231_11.602_2_0.147, 4784.5
[UPDATE], 2980_231_11.602_2_0.147, 5280.0
[UPDATE], 2990_231_11.602_2_0.147, 4901.5
[UPDATE], 3000_231_11.602_2_0.147, 4932.4
[UPDATE], 3010_231_11.602_2_0.147, 4903.0
[UPDATE], 3030_233_11.728_2_0.147, 19107.0
[UPDATE], 3160_233_11.728_2_0.147, 152794.0
[UPDATE], 3170_233_11.728_2_0.147, 81628.5
[UPDATE], 3180_233_11.728_2_0.147, 31955.333333333332
[UPDATE], 3190_233_11.728_2_0.147, 7435.5
[UPDATE], 3200_233_11.728_2_0.147, 5764.666666666667
[UPDATE], 3210_233_11.728_2_0.147, 3247.125
[UPDATE], 3220_233_11.728_2_0.147, 3957.75
[UPDATE], 3230_233_11.728_2_0.147, 4908.5
[UPDATE], 3240_233_11.728_2_0.147, 4879.0
[UPDATE], 3250_233_11.728_2_0.147, 4896.083333333333
[UPDATE], 3260_233_11.728_2_0.147, 4893.1
[UPDATE], 3270_233_11.728_2_0.147, 4844.166666666667
[UPDATE], 3280_233_11.728_2_0.147, 4949.8
[UPDATE], 3290_233_11.728_2_0.147, 4992.0
[UPDATE], 3300_233_11.728_2_0.147, 4849.7
[UPDATE], 3310_233_11.728_2_0.147, 4855.2
[UPDATE], 3320_233_11.728_2_0.147, 5104.666666666667
[UPDATE], 3330_233_11.728_2_0.147, 4841.444444444444
[UPDATE], 3340_233_11.728_2_0.147, 4875.857142857143
[UPDATE], 3350_233_11.728_2_0.147, 4695.0
[UPDATE], 3360_233_11.728_2_0.147, 4856.857142857143
[UPDATE], 3370_233_11.728_2_0.147, 4937.571428571428
[UPDATE], 3380_233_11.728_2_0.147, 4699.333333333333
[UPDATE], 3390_233_11.728_2_0.147, 4603.555555555556
[UPDATE], 3400_233_11.728_2_0.147, 4743.6
[UPDATE], 3410_233_11.728_2_0.147, 5052.0
[UPDATE], 3420_233_11.728_2_0.147, 4768.571428571428
[UPDATE], 3430_233_11.728_2_0.147, 4964.333333333333
[UPDATE], 3440_233_11.728_2_0.147, 4981.666666666667
[UPDATE], 3450_233_11.728_2_0.147, 4881.0
[UPDATE], 3460_233_11.728_2_0.147, 4896.5
[UPDATE], 3470_233_11.728_2_0.147, 4745.5
[UPDATE], 3480_233_11.728_2_0.147, 4814.625
[UPDATE], 3490_233_11.728_2_0.147, 4989.4
[UPDATE], 3500_233_11.728_2_0.147, 4758.0
[UPDATE], 3510_233_11.728_2_0.147, 4849.5
[UPDATE], 3520_233_11.728_2_0.147, 4999.777777777777
[UPDATE], 3530_233_11.728_2_0.147, 4666.142857142857
[UPDATE], 3540_233_11.728_2_0.147, 4692.363636363636
[UPDATE], 3550_233_11.728_2_0.147, 4866.5
[UPDATE], 3560_233_11.728_2_0.147, 4895.0
[UPDATE], 3570_233_11.728_2_0.147, 4779.125
[UPDATE], 3580_233_11.728_2_0.147, 4866.6
[UPDATE], 3590_233_11.728_2_0.147, 5039.666666666667
[UPDATE], 3600_233_11.728_2_0.147, 4642.6
[UPDATE], 3610_233_11.728_2_0.147, 5054.0
[UPDATE], 3620_233_11.728_2_0.147, 5030.888888888889
[UPDATE], 3630_233_11.728_2_0.147, 4809.444444444444
[UPDATE], 3640_233_11.728_2_0.147, 4959.2
[UPDATE], 3650_233_11.728_2_0.147, 4811.2
[UPDATE], 3660_233_11.728_2_0.147, 4725.6
[UPDATE], 3670_233_11.728_2_0.147, 4629.777777777777
[UPDATE], 3680_233_11.728_2_0.147, 5171.666666666667
[UPDATE], 3690_233_11.728_2_0.147, 4909.2
[UPDATE], 3700_233_11.728_2_0.147, 4766.25
[UPDATE], 3710_233_11.728_2_0.147, 4754.666666666667
[UPDATE], 3720_233_11.728_2_0.147, 5130.0
[UPDATE], 3730_233_11.728_2_0.147, 4975.833333333333
[UPDATE], 3740_233_11.728_2_0.147, 5065.666666666667
[UPDATE], 3750_233_11.728_2_0.147, 4988.777777777777
[UPDATE], 3760_233_11.728_2_0.147, 4774.909090909091
[UPDATE], 3770_233_11.728_2_0.147, 4856.25
[UPDATE], 3780_233_11.728_2_0.147, 4805.777777777777
[UPDATE], 3790_233_11.728_2_0.147, 4880.75
[UPDATE], 3800_233_11.728_2_0.147, 5131.857142857143
[UPDATE], 3810_233_11.728_2_0.147, 4616.0
[UPDATE], 3820_233_11.728_2_0.147, 4802.0
[UPDATE], 3830_233_11.728_2_0.147, 4875.571428571428
[UPDATE], 3840_233_11.728_2_0.147, 5449.0
[UPDATE], 3850_233_11.728_2_0.147, 4790.0
[UPDATE], 3860_233_11.728_2_0.147, 4892.0
[UPDATE], 3870_233_11.728_2_0.147, 5066.5
[UPDATE], 3880_233_11.728_2_0.147, 4944.090909090909
[UPDATE], 3890_233_11.728_2_0.147, 4952.142857142857
[UPDATE], 3900_233_11.728_2_0.147, 5109.666666666667
[UPDATE], 3910_233_11.728_2_0.147, 4825.0
[UPDATE], 3920_233_11.728_2_0.147, 4901.444444444444
[UPDATE], 3930_233_11.728_2_0.147, 4809.375
[UPDATE], 3940_233_11.728_2_0.147, 4974.0
[UPDATE], 3950_233_11.728_2_0.147, 5044.8
[UPDATE], 3960_233_11.728_2_0.147, 5252.2
[UPDATE], 3970_233_11.728_2_0.147, 5227.0
[UPDATE], 3980_233_11.728_2_0.147, 4811.0
[UPDATE], 3990_233_11.728_2_0.147, 4937.625
[UPDATE], 4000_233_11.728_2_0.147, 4877.0
[UPDATE], 4010_233_11.728_2_0.147, 4704.4
[UPDATE], 4020_233_11.728_2_0.147, 5163.0
[UPDATE], 4030_233_11.728_2_0.147, 5397.0
[UPDATE], 4040_233_11.728_2_0.147, 5005.666666666667
[UPDATE], 4050_233_11.728_2_0.147, 4902.0
[UPDATE], 4060_233_11.728_2_0.147, 5011.25
[UPDATE], 4070_233_11.728_2_0.147, 4924.2
[UPDATE], 4080_233_11.728_2_0.147, 4824.2
[UPDATE], 4090_233_11.728_2_0.147, 4703.6
[UPDATE], 4100_233_11.728_2_0.147, 4939.7
[UPDATE], 4110_233_11.728_2_0.147, 4858.444444444444
[UPDATE], 4120_233_11.728_2_0.147, 4778.6
[UPDATE], 4130_233_11.728_2_0.147, 4930.857142857143
[UPDATE], 4140_233_11.728_2_0.147, 4728.166666666667
[UPDATE], 4150_233_11.728_2_0.147, 4968.833333333333
[UPDATE], 4160_233_11.728_2_0.147, 4853.0
[UPDATE], 4170_233_11.728_2_0.147, 5045.5
[UPDATE], 4180_233_11.728_2_0.147, 5114.285714285715
[UPDATE], 4190_233_11.728_2_0.147, 5002.5
[UPDATE], 4200_233_11.728_2_0.147, 5064.4
[UPDATE], 4210_233_11.728_2_0.147, 4804.285714285715
[UPDATE], 4220_233_11.728_2_0.147, 4994.0
[UPDATE], 4230_233_11.728_2_0.147, 5070.4
[UPDATE], 4240_233_11.728_2_0.147, 5063.8
[UPDATE], 4250_233_11.728_2_0.147, 4989.166666666667
[UPDATE], 4260_233_11.728_2_0.147, 4884.6
[UPDATE], 4270_233_11.728_2_0.147, 4925.0
[UPDATE], 4280_233_11.728_2_0.147, 5042.8
[UPDATE], 4290_233_11.728_2_0.147, 4945.142857142857
[UPDATE], 4300_233_11.728_2_0.147, 5065.333333333333
[UPDATE], 4310_233_11.728_2_0.147, 4739.0
[UPDATE], 4320_233_11.728_2_0.147, 4753.375
[UPDATE], 4330_233_11.728_2_0.147, 5044.75
[UPDATE], 4340_233_11.728_2_0.147, 4793.0
[UPDATE], 4350_233_11.728_2_0.147, 4940.333333333333
[UPDATE], 4360_233_11.728_2_0.147, 4928.25
[UPDATE], 4370_233_11.728_2_0.147, 4972.75
[UPDATE], 4380_233_11.728_2_0.147, 4951.333333333333
[UPDATE], 4390_233_11.728_2_0.147, 4716.2
[UPDATE], 4400_233_11.728_2_0.147, 4851.181818181818
[UPDATE], 4410_233_11.728_2_0.147, 5059.0
[UPDATE], 4420_233_11.728_2_0.147, 4700.545454545455
[UPDATE], 4430_233_11.728_2_0.147, 4879.5
[UPDATE], 4440_233_11.728_2_0.147, 4929.0
[UPDATE], 4450_233_11.728_2_0.147, 4706.0
[UPDATE], 4460_233_11.728_2_0.147, 4854.666666666667
[UPDATE], 4470_233_11.728_2_0.147, 5134.222222222223
[UPDATE], 4480_233_11.728_2_0.147, 5231.571428571428
[UPDATE], 4490_233_11.728_2_0.147, 5378.5
[UPDATE], 4500_233_11.728_2_0.147, 4918.181818181818
[UPDATE], 4510_233_11.728_2_0.147, 5157.5
[UPDATE], 4520_233_11.728_2_0.147, 4964.3
[UPDATE], 4530_233_11.728_2_0.147, 4895.333333333333
[UPDATE], 4540_233_11.728_2_0.147, 5688.0
[UPDATE], 4550_233_11.728_2_0.147, 5314.833333333333
[UPDATE], 4560_233_11.728_2_0.147, 5155.875
[UPDATE], 4570_233_11.728_2_0.147, 4707.166666666667
[UPDATE], 4580_233_11.728_2_0.147, 4745.375
[UPDATE], 4590_233_11.728_2_0.147, 4984.75
[UPDATE], 4600_233_11.728_2_0.147, 4759.4
[UPDATE], 4610_233_11.728_2_0.147, 5040.75
[UPDATE], 4620_233_11.728_2_0.147, 5185.833333333333
[UPDATE], 4630_233_11.728_2_0.147, 4951.833333333333
[UPDATE], 4640_233_11.728_2_0.147, 5111.4
[UPDATE], 4650_233_11.728_2_0.147, 5019.25
[UPDATE], 4660_233_11.728_2_0.147, 4851.625
[UPDATE], 4670_233_11.728_2_0.147, 4988.5
[UPDATE], 4680_233_11.728_2_0.147, 5045.0
[UPDATE], 4690_233_11.728_2_0.147, 4782.2
[UPDATE], 4700_233_11.728_2_0.147, 4796.0
[UPDATE], 4710_233_11.728_2_0.147, 4906.2
[UPDATE], 4720_233_11.728_2_0.147, 4965.833333333333
[UPDATE], 4730_233_11.728_2_0.147, 4819.285714285715
[UPDATE], 4740_233_11.728_2_0.147, 4900.875
[UPDATE], 4750_233_11.728_2_0.147, 4864.142857142857
[UPDATE], 4760_233_11.728_2_0.147, 4725.133333333333
[UPDATE], 4770_233_11.728_2_0.147, 4968.666666666667
[UPDATE], 4780_233_11.728_2_0.147, 4917.125
[UPDATE], 4790_233_11.728_2_0.147, 4829.0
[UPDATE], 4800_233_11.728_2_0.147, 4942.0
[UPDATE], 4810_233_11.728_2_0.147, 4908.25
[UPDATE], 4820_233_11.728_2_0.147, 5073.166666666667
[UPDATE], 4830_233_11.728_2_0.147, 4920.142857142857
[UPDATE], 4840_233_11.728_2_0.147, 4784.5
[UPDATE], 4850_233_11.728_2_0.147, 4964.0
[UPDATE], 4860_233_11.728_2_0.147, 5134.142857142857
[UPDATE], 4870_233_11.728_2_0.147, 4910.833333333333
[UPDATE], 4880_233_11.728_2_0.147, 4858.285714285715
[UPDATE], 4890_233_11.728_2_0.147, 4783.375
[UPDATE], 4900_233_11.728_2_0.147, 4814.5
[UPDATE], 4910_233_11.728_2_0.147, 4724.375
[UPDATE], 4920_233_11.728_2_0.147, 4949.2
[UPDATE], 4930_233_11.728_2_0.147, 4865.0
[UPDATE], 4940_233_11.728_2_0.147, 5013.333333333333
[UPDATE], 4950_233_11.728_2_0.147, 5031.857142857143
[UPDATE], 4960_233_11.728_2_0.147, 4715.25
[UPDATE], 4970_233_11.728_2_0.147, 4653.4
[UPDATE], 4980_233_11.728_2_0.147, 4842.5
[UPDATE], 4990_233_11.728_2_0.147, 4821.166666666667
[UPDATE], 5000_233_11.728_2_0.147, 4833.1
[UPDATE], 5010_233_11.728_2_0.147, 4633.0
[UPDATE], 5020_233_11.728_2_0.147, 4898.666666666667
[UPDATE], 5030_233_11.728_2_0.147, 4839.875
[UPDATE], 5040_233_11.728_2_0.147, 4900.75
[UPDATE], 5050_233_11.728_2_0.147, 5342.0
[UPDATE], 5060_233_11.728_2_0.147, 4778.727272727273
[UPDATE], 5070_233_11.728_2_0.147, 4870.166666666667
[UPDATE], 5080_233_11.728_2_0.147, 4988.625
[UPDATE], 5090_233_11.728_2_0.147, 4848.25
[UPDATE], 5100_233_11.728_2_0.147, 5089.142857142857
[UPDATE], 5110_233_11.728_2_0.147, 4905.25
[UPDATE], 5120_233_11.728_2_0.147, 5032.0
[UPDATE], 5130_233_11.728_2_0.147, 5049.6
[UPDATE], 5140_233_11.728_2_0.147, 4741.454545454545
[UPDATE], 5150_233_11.728_2_0.147, 5022.142857142857
[UPDATE], 5160_233_11.728_2_0.147, 5121.833333333333
[UPDATE], 5170_233_11.728_2_0.147, 4895.142857142857
[UPDATE], 5180_233_11.728_2_0.147, 5220.5
[UPDATE], 5190_233_11.728_2_0.147, 5106.625
[UPDATE], 5200_233_11.728_2_0.147, 4779.4
[UPDATE], 5210_233_11.728_2_0.147, 4740.777777777777
[UPDATE], 5220_233_11.728_2_0.147, 4799.5
[UPDATE], 5230_233_11.728_2_0.147, 4779.0
[UPDATE], 5240_233_11.728_2_0.147, 4888.1
[UPDATE], 5250_233_11.728_2_0.147, 4875.222222222223
[UPDATE], 5260_233_11.728_2_0.147, 4692.9
[UPDATE], 5270_233_11.728_2_0.147, 4833.666666666667
[UPDATE], 5280_233_11.728_2_0.147, 4863.846153846154
[UPDATE], 5290_233_11.728_2_0.147, 4656.0
[UPDATE], 5300_233_11.728_2_0.147, 4892.5
[UPDATE], 5310_233_11.728_2_0.147, 4967.111111111111
[UPDATE], 5320_233_11.728_2_0.147, 5007.571428571428
[UPDATE], 5330_233_11.728_2_0.147, 4810.375
[UPDATE], 5340_233_11.728_2_0.147, 4947.0
[UPDATE], 5360_234_11.764_2_0.147, 25713.5
[UPDATE], 5400_234_11.764_2_0.147, 65122.0
[UPDATE], 5410_234_11.764_2_0.147, 8001.0
[UPDATE], 5420_234_11.764_2_0.147, 20229.777777777777
[UPDATE], 5430_234_11.764_2_0.147, 11864.0
[UPDATE], 5440_234_11.764_2_0.147, 7088.25
[UPDATE], 5450_234_11.764_2_0.147, 4676.8
[UPDATE], 5460_234_11.764_2_0.147, 5024.8
[UPDATE], 5470_234_11.764_2_0.147, 13643.0
[UPDATE], 5480_234_11.764_2_0.147, 5704.235294117647
[UPDATE], 5490_234_11.764_2_0.147, 4641.0
[UPDATE], 5500_234_11.764_2_0.147, 4426.818181818182
[UPDATE], 5510_234_11.764_2_0.147, 4965.5
[UPDATE], 5520_234_11.764_2_0.147, 4964.6
[UPDATE], 5530_234_11.764_2_0.147, 4830.1
[UPDATE], 5540_234_11.764_2_0.147, 5027.0
[UPDATE], 5550_234_11.764_2_0.147, 5147.25
[UPDATE], 5560_234_11.764_2_0.147, 5081.333333333333
[UPDATE], 5570_234_11.764_2_0.147, 4835.666666666667
[UPDATE], 5580_234_11.764_2_0.147, 5014.25
[UPDATE], 5590_234_11.764_2_0.147, 4836.285714285715
[UPDATE], 5600_234_11.764_2_0.147, 4597.5
[UPDATE], 5610_234_11.764_2_0.147, 4890.4
[UPDATE], 5620_234_11.764_2_0.147, 5079.125
[UPDATE], 5630_234_11.764_2_0.147, 4499.363636363636
[UPDATE], 5640_234_11.764_2_0.147, 4828.4
[UPDATE], 5650_234_11.764_2_0.147, 5124.625
[UPDATE], 5660_234_11.764_2_0.147, 4841.833333333333
[UPDATE], 5670_234_11.764_2_0.147, 4955.8
[UPDATE], 5680_234_11.764_2_0.147, 4764.727272727273
[UPDATE], 5690_234_11.764_2_0.147, 4870.4
[UPDATE], 5700_234_11.764_2_0.147, 4988.25
[UPDATE], 5710_234_11.764_2_0.147, 4792.0
[UPDATE], 5720_234_11.764_2_0.147, 5104.625
[UPDATE], 5730_234_11.764_2_0.147, 4834.142857142857
[UPDATE], 5740_234_11.764_2_0.147, 4947.125
[UPDATE], 5750_234_11.764_2_0.147, 5162.0
[UPDATE], 5760_234_11.764_2_0.147, 4794.125
[UPDATE], 5770_234_11.764_2_0.147, 4798.833333333333
[UPDATE], 5780_234_11.764_2_0.147, 4877.666666666667
[UPDATE], 5790_234_11.764_2_0.147, 4837.0
[UPDATE], 5800_234_11.764_2_0.147, 4873.5
[UPDATE], 5810_234_11.764_2_0.147, 4891.857142857143
[UPDATE], 5820_234_11.764_2_0.147, 4598.75
[UPDATE], 5830_234_11.764_2_0.147, 4915.666666666667
[UPDATE], 5840_234_11.764_2_0.147, 5337.0
[UPDATE], 5850_234_11.764_2_0.147, 4798.0
[UPDATE], 5860_234_11.764_2_0.147, 4951.0
[UPDATE], 5870_234_11.764_2_0.147, 4735.222222222223
[UPDATE], 5880_234_11.764_2_0.147, 4746.727272727273
[UPDATE], 5890_234_11.764_2_0.147, 4926.777777777777
[UPDATE], 5900_234_11.764_2_0.147, 5061.666666666667
[UPDATE], 5910_234_11.764_2_0.147, 4839.8
[UPDATE], 5920_234_11.764_2_0.147, 4745.555555555556
[UPDATE], 5930_234_11.764_2_0.147, 4958.571428571428
[UPDATE], 5940_234_11.764_2_0.147, 4919.0
[UPDATE], 5950_234_11.764_2_0.147, 4881.0
[UPDATE], 5960_234_11.764_2_0.147, 5021.833333333333
[UPDATE], 5970_234_11.764_2_0.147, 4733.555555555556
[UPDATE], 5980_234_11.764_2_0.147, 5004.125
[UPDATE], 5990_234_11.764_2_0.147, 4829.0
[UPDATE], 6000_234_11.764_2_0.147, 5140.0
[UPDATE], 6010_234_11.764_2_0.147, 4938.166666666667
[UPDATE], 6020_234_11.764_2_0.147, 5321.666666666667
[UPDATE], 6030_234_11.764_2_0.147, 4783.111111111111
[UPDATE], 6040_234_11.764_2_0.147, 4815.571428571428
[UPDATE], 6050_234_11.764_2_0.147, 4904.0
[UPDATE], 6060_234_11.764_2_0.147, 5227.4
[UPDATE], 6070_234_11.764_2_0.147, 5179.0
[UPDATE], 6080_234_11.764_2_0.147, 5331.5
[UPDATE], 6090_234_11.764_2_0.147, 5141.333333333333
[UPDATE], 6100_234_11.764_2_0.147, 5107.777777777777
[UPDATE], 6110_234_11.764_2_0.147, 4729.333333333333
[UPDATE], 6120_234_11.764_2_0.147, 5106.8
[UPDATE], 6130_234_11.764_2_0.147, 5538.2
[UPDATE], 6140_234_11.764_2_0.147, 4992.454545454545
[UPDATE], 6150_234_11.764_2_0.147, 4904.888888888889
[UPDATE], 6160_234_11.764_2_0.147, 4972.285714285715
[UPDATE], 6170_234_11.764_2_0.147, 4648.222222222223
[UPDATE], 6180_234_11.764_2_0.147, 5015.222222222223
[UPDATE], 6190_234_11.764_2_0.147, 5004.142857142857
[UPDATE], 6200_234_11.764_2_0.147, 4763.166666666667
[UPDATE], 6210_234_11.764_2_0.147, 5057.0
[UPDATE], 6220_234_11.764_2_0.147, 4916.666666666667
[UPDATE], 6230_234_11.764_2_0.147, 4937.75
[UPDATE], 6240_234_11.764_2_0.147, 4837.6
[UPDATE], 6250_234_11.764_2_0.147, 4766.636363636364
[UPDATE], 6260_234_11.764_2_0.147, 4721.7
[UPDATE], 6270_234_11.764_2_0.147, 4797.333333333333
[UPDATE], 6280_234_11.764_2_0.147, 4899.0
[UPDATE], 6290_234_11.764_2_0.147, 5059.6
[UPDATE], 6300_234_11.764_2_0.147, 5208.666666666667
[UPDATE], 6310_234_11.764_2_0.147, 4992.285714285715
[UPDATE], 6320_234_11.764_2_0.147, 4797.2
[UPDATE], 6330_234_11.764_2_0.147, 4928.444444444444
[UPDATE], 6340_234_11.764_2_0.147, 4859.714285714285
[UPDATE], 6350_234_11.764_2_0.147, 4928.333333333333
[UPDATE], 6360_234_11.764_2_0.147, 4871.25
[UPDATE], 6370_234_11.764_2_0.147, 4682.0
[UPDATE], 6380_234_11.764_2_0.147, 4890.2
[UPDATE], 6390_234_11.764_2_0.147, 4714.166666666667
[UPDATE], 6400_234_11.764_2_0.147, 5123.0
[UPDATE], 6410_234_11.764_2_0.147, 4817.428571428572
[UPDATE], 6420_234_11.764_2_0.147, 5023.625
[UPDATE], 6430_234_11.764_2_0.147, 4907.833333333333
[UPDATE], 6440_234_11.764_2_0.147, 5033.6
[UPDATE], 6450_234_11.764_2_0.147, 4734.0
[UPDATE], 6460_234_11.764_2_0.147, 4680.0
[UPDATE], 6470_234_11.764_2_0.147, 4786.545454545455
[UPDATE], 6480_234_11.764_2_0.147, 4953.142857142857
[UPDATE], 6490_234_11.764_2_0.147, 5042.333333333333
[UPDATE], 6500_234_11.764_2_0.147, 4795.0
[UPDATE], 6510_234_11.764_2_0.147, 4670.3
[UPDATE], 6520_234_11.764_2_0.147, 5014.833333333333
[UPDATE], 6530_234_11.764_2_0.147, 4940.0
[UPDATE], 6540_234_11.764_2_0.147, 4814.142857142857
[UPDATE], 6550_234_11.764_2_0.147, 4842.666666666667
[UPDATE], 6560_234_11.764_2_0.147, 4866.111111111111
[UPDATE], 6570_234_11.764_2_0.147, 4885.0
[UPDATE], 6580_234_11.764_2_0.147, 4926.0
[UPDATE], 6590_234_11.764_2_0.147, 5109.4
[UPDATE], 6600_234_11.764_2_0.147, 4831.5
[UPDATE], 6610_234_11.764_2_0.147, 4792.076923076923
[UPDATE], 6620_234_11.764_2_0.147, 4844.777777777777
[UPDATE], 6630_234_11.764_2_0.147, 5004.75
[UPDATE], 6640_234_11.764_2_0.147, 5039.25
[UPDATE], 6650_234_11.764_2_0.147, 4943.5
[UPDATE], 6660_234_11.764_2_0.147, 5087.4
[UPDATE], 6670_234_11.764_2_0.147, 4832.833333333333
[UPDATE], 6680_234_11.764_2_0.147, 4981.25
[UPDATE], 6690_234_11.764_2_0.147, 4881.777777777777
[UPDATE], 6700_234_11.764_2_0.147, 4944.5
[UPDATE], 6710_234_11.764_2_0.147, 4937.0
[UPDATE], 6720_234_11.764_2_0.147, 4809.307692307692
[UPDATE], 6730_234_11.764_2_0.147, 4817.428571428572
[UPDATE], 6740_234_11.764_2_0.147, 4680.285714285715
[UPDATE], 6750_234_11.764_2_0.147, 4928.222222222223
[UPDATE], 6760_234_11.764_2_0.147, 4796.666666666667
[UPDATE], 6770_234_11.764_2_0.147, 5055.333333333333
[UPDATE], 6780_234_11.764_2_0.147, 4920.5
[UPDATE], 6790_234_11.764_2_0.147, 4939.333333333333
[UPDATE], 6800_234_11.764_2_0.147, 4789.0
[UPDATE], 6810_234_11.764_2_0.147, 4708.75
[UPDATE], 6820_234_11.764_2_0.147, 5007.0
[UPDATE], 6830_234_11.764_2_0.147, 4905.6
[UPDATE], 6840_234_11.764_2_0.147, 4624.875
[UPDATE], 6850_234_11.764_2_0.147, 5000.428571428572
[UPDATE], 6860_234_11.764_2_0.147, 4850.3
[UPDATE], 6870_234_11.764_2_0.147, 4794.25
[UPDATE], 6880_234_11.764_2_0.147, 4939.2
[UPDATE], 6890_234_11.764_2_0.147, 5069.2
[UPDATE], 6900_234_11.764_2_0.147, 5004.6
[UPDATE], 6910_234_11.764_2_0.147, 4846.714285714285
[UPDATE], 6920_234_11.764_2_0.147, 4709.3
[UPDATE], 6930_234_11.764_2_0.147, 4765.2
[UPDATE], 6940_234_11.764_2_0.147, 4792.5
[UPDATE], 6950_234_11.764_2_0.147, 4928.2
[UPDATE], 6960_234_11.764_2_0.147, 4841.5
[UPDATE], 6970_234_11.764_2_0.147, 5033.0
[UPDATE], 6980_234_11.764_2_0.147, 4905.7
[UPDATE], 6990_234_11.764_2_0.147, 5057.0
[UPDATE], 7000_234_11.764_2_0.147, 5052.833333333333
[UPDATE], 7010_234_11.764_2_0.147, 5022.0
[UPDATE], 7020_234_11.764_2_0.147, 4871.142857142857
[UPDATE], 7030_234_11.764_2_0.147, 4735.857142857143
[UPDATE], 7040_234_11.764_2_0.147, 4654.555555555556
[UPDATE], 7050_234_11.764_2_0.147, 5033.0
[UPDATE], 7060_234_11.764_2_0.147, 4949.285714285715
[UPDATE], 7070_234_11.764_2_0.147, 4990.285714285715
[UPDATE], 7080_234_11.764_2_0.147, 4935.625
[UPDATE], 7090_234_11.764_2_0.147, 4913.0
[UPDATE], 7100_234_11.764_2_0.147, 5105.75
[UPDATE], 7110_234_11.764_2_0.147, 4850.222222222223
[UPDATE], 7120_234_11.764_2_0.147, 4872.0
[UPDATE], 7130_234_11.764_2_0.147, 4704.0
[UPDATE], 7140_234_11.764_2_0.147, 4933.6
[UPDATE], 7150_234_11.764_2_0.147, 4908.125
[UPDATE], 7160_234_11.764_2_0.147, 4670.5
[UPDATE], 7170_234_11.764_2_0.147, 5138.333333333333
[UPDATE], 7180_234_11.764_2_0.147, 4863.5
[UPDATE], 7190_234_11.764_2_0.147, 4781.75
[UPDATE], 7200_234_11.764_2_0.147, 5011.25
[UPDATE], 7210_234_11.764_2_0.147, 4775.076923076923
[UPDATE], 7220_234_11.764_2_0.147, 4776.125
[UPDATE], 7230_234_11.764_2_0.147, 4969.571428571428
[UPDATE], 7240_234_11.764_2_0.147, 4678.25
[UPDATE], 7250_234_11.764_2_0.147, 4865.5
[UPDATE], 7260_234_11.764_2_0.147, 5163.714285714285
[UPDATE], 7270_234_11.764_2_0.147, 4646.909090909091
[UPDATE], 7280_234_11.764_2_0.147, 4797.75
[UPDATE], 7290_234_11.764_2_0.147, 4960.142857142857
[UPDATE], 7300_234_11.764_2_0.147, 4729.8
[UPDATE], 7310_234_11.764_2_0.147, 4866.083333333333
[UPDATE], 7320_234_11.764_2_0.147, 4946.333333333333
[UPDATE], 7330_234_11.764_2_0.147, 4751.571428571428
[UPDATE], 7340_234_11.764_2_0.147, 4833.75
[UPDATE], 7350_234_11.764_2_0.147, 4993.0
[UPDATE], 7360_234_11.764_2_0.147, 4807.333333333333
[UPDATE], 7370_234_11.764_2_0.147, 5170.666666666667
[UPDATE], 7380_234_11.764_2_0.147, 4840.636363636364
[UPDATE], 7390_234_11.764_2_0.147, 4713.428571428572
[UPDATE], 7400_234_11.764_2_0.147, 4815.7
[UPDATE], 7410_234_11.764_2_0.147, 4915.333333333333
[UPDATE], 7420_234_11.764_2_0.147, 4264.111111111111
[UPDATE], 7430_234_11.764_2_0.147, 5080.8
[UPDATE], 7440_234_11.764_2_0.147, 5414.0
[UPDATE], 7450_234_11.764_2_0.147, 5043.6
[UPDATE], 7460_234_11.764_2_0.147, 4458.666666666667
[UPDATE], 7470_234_11.764_2_0.147, 6512.266666666666
[UPDATE], 7480_234_11.764_2_0.147, 4608.5
[UPDATE], 7490_234_11.764_2_0.147, 4944.4
[UPDATE], 7500_234_11.764_2_0.147, 4968.6
[UPDATE], 7510_234_11.764_2_0.147, 5092.4
[UPDATE], 7520_234_11.764_2_0.147, 4698.636363636364
[UPDATE], 7530_234_11.764_2_0.147, 4649.625
[UPDATE], 7540_234_11.764_2_0.147, 4910.285714285715
[UPDATE], 7550_234_11.764_2_0.147, 4700.666666666667
[UPDATE], 7560_234_11.764_2_0.147, 5153.5
[UPDATE], 7570_235_11.804_2_0.147, 6872.0
[UPDATE], 7620_235_11.804_2_0.147, 19905.0
[UPDATE], 7630_235_11.804_2_0.147, 5068.642857142857
[UPDATE], 7640_235_11.804_2_0.147, 3966.3333333333335
[UPDATE], 7650_235_11.804_2_0.147, 3970.181818181818
[UPDATE], 7660_235_11.804_2_0.147, 5372.75
[UPDATE], 7670_235_11.804_2_0.147, 5163.444444444444
[UPDATE], 7680_235_11.804_2_0.147, 5649.928571428572
[UPDATE], 7690_235_11.804_2_0.147, 4058.5714285714284
[UPDATE], 7700_235_11.804_2_0.147, 4824.5
[UPDATE], 7710_235_11.804_2_0.147, 4710.0
[UPDATE], 7720_235_11.804_2_0.147, 4509.0
[UPDATE], 7730_235_11.804_2_0.147, 4077.6666666666665
[UPDATE], 7740_235_11.804_2_0.147, 4380.5
[UPDATE], 7750_235_11.804_2_0.147, 4275.0
[UPDATE], 7760_235_11.804_2_0.147, 3734.4285714285716
[UPDATE], 7770_235_11.804_2_0.147, 3585.0
[UPDATE], 7780_235_11.804_2_0.147, 3239.8
[UPDATE], 7790_235_11.804_2_0.147, 2853.2
[UPDATE], 7800_235_11.804_2_0.147, 2596.4285714285716
[UPDATE], 7810_235_11.804_2_0.147, 2123.5
[UPDATE], 7820_235_11.804_2_0.147, 2020.1666666666667
[UPDATE], 7830_235_11.804_2_0.147, 1132.5555555555557
[UPDATE], 7840_235_11.804_2_0.147, 513.75
[UPDATE], 7850_235_11.804_2_0.147, 307.0
[UPDATE], 7860_235_11.804_2_0.147, 636.4
[UPDATE], 7870_235_11.804_2_0.147, 462.5
[UPDATE], 7880_235_11.804_2_0.147, 440.3333333333333
[UPDATE], 7890_235_11.804_2_0.147, 596.5
[UPDATE], 7900_235_11.804_2_0.147, 411.7142857142857
[UPDATE], 7910_235_11.804_2_0.147, 436.625
